#
# There is insufficient memory for the Java Runtime Environment to continue.
# Native memory allocation (mmap) failed to map 1290272768 bytes for committing reserved memory.
# Possible reasons:
#   The system is out of physical RAM or swap space
#   In 32 bit mode, the process size limit was hit
# Possible solutions:
#   Reduce memory load on the system
#   Increase physical memory or swap space
#   Check if swap backing store is full
#   Use 64 bit Java on a 64 bit OS
#   Decrease Java heap size (-Xmx/-Xms)
#   Decrease number of Java threads
#   Decrease Java thread stack sizes (-Xss)
#   Set larger code cache with -XX:ReservedCodeCacheSize=
# This output file may be truncated or incomplete.
#
#  Out of Memory Error (os_linux.cpp:2640), pid=23787, tid=0x00007f2f2dc10700
#
# JRE version: Java(TM) SE Runtime Environment (8.0_181-b13) (build 1.8.0_181-b13)
# Java VM: Java HotSpot(TM) 64-Bit Server VM (25.181-b13 mixed mode linux-amd64 compressed oops)
# Failed to write core dump. Core dumps have been disabled. To enable core dumping, try "ulimit -c unlimited" before starting Java again
#

---------------  T H R E A D  ---------------

Current thread (0x00007f2f2400b800):  JavaThread "main" [_thread_in_vm, id=23791, stack(0x00007f2f2db11000,0x00007f2f2dc11000)]

Stack: [0x00007f2f2db11000,0x00007f2f2dc11000],  sp=0x00007f2f2dc0f150,  free space=1016k
Native frames: (J=compiled Java code, j=interpreted, Vv=VM code, C=native code)
V  [libjvm.so+0xad21aa]  VMError::report_and_die()+0x2ba
V  [libjvm.so+0x5022db]  report_vm_out_of_memory(char const*, int, unsigned long, VMErrorType, char const*)+0x8b
V  [libjvm.so+0x92fe33]  os::Linux::commit_memory_impl(char*, unsigned long, bool)+0x123
V  [libjvm.so+0x930059]  os::pd_commit_memory(char*, unsigned long, unsigned long, bool)+0x29
V  [libjvm.so+0x9272ba]  os::commit_memory(char*, unsigned long, unsigned long, bool)+0x2a
V  [libjvm.so+0x99d2e3]  PSVirtualSpace::expand_by(unsigned long)+0x53
V  [libjvm.so+0x98d969]  PSOldGen::expand_by(unsigned long)+0x49
V  [libjvm.so+0x98dbd5]  PSOldGen::expand(unsigned long)+0x1a5
V  [libjvm.so+0x98de5a]  PSOldGen::expand_and_allocate(unsigned long)+0x1a
V  [libjvm.so+0x98df7b]  PSOldGen::allocate(unsigned long)+0xcb
V  [libjvm.so+0x951a1e]  ParallelScavengeHeap::mem_allocate(unsigned long, bool*)+0xfe
V  [libjvm.so+0xa9790e]  TypeArrayKlass::allocate_common(int, bool, Thread*)+0x26e
V  [libjvm.so+0x68afba]  InterpreterRuntime::newarray(JavaThread*, BasicType, int)+0x2a
j  CIADatacenter.check(IIIII)Z+2
j  CIADatacenter.bSearch(IIIIII)I+23
j  CIADatacenter.main([Ljava/lang/String;)V+122
v  ~StubRoutines::call_stub
V  [libjvm.so+0x697a76]  JavaCalls::call_helper(JavaValue*, methodHandle*, JavaCallArguments*, Thread*)+0x1056
V  [libjvm.so+0x6d91c2]  jni_invoke_static(JNIEnv_*, JavaValue*, _jobject*, JNICallType, _jmethodID*, JNI_ArgumentPusher*, Thread*)+0x362
V  [libjvm.so+0x6f5a2a]  jni_CallStaticVoidMethod+0x17a
C  [libjli.so+0x80ff]  JavaMain+0x81f
C  [libpthread.so.0+0x76db]  start_thread+0xdb

Java frames: (J=compiled Java code, j=interpreted, Vv=VM code)
j  CIADatacenter.check(IIIII)Z+2
j  CIADatacenter.bSearch(IIIIII)I+23
j  CIADatacenter.main([Ljava/lang/String;)V+122
v  ~StubRoutines::call_stub

---------------  P R O C E S S  ---------------

Java Threads: ( => current thread )
  0x00007f2f240d4000 JavaThread "Service Thread" daemon [_thread_blocked, id=23810, stack(0x00007f2f06d1c000,0x00007f2f06e1d000)]
  0x00007f2f240c9000 JavaThread "C1 CompilerThread3" daemon [_thread_blocked, id=23809, stack(0x00007f2f06e1e000,0x00007f2f06f1e000)]
  0x00007f2f240c6800 JavaThread "C2 CompilerThread2" daemon [_thread_blocked, id=23808, stack(0x00007f2f06f1f000,0x00007f2f0701f000)]
  0x00007f2f240c5000 JavaThread "C2 CompilerThread1" daemon [_thread_blocked, id=23807, stack(0x00007f2f07020000,0x00007f2f07120000)]
  0x00007f2f240c2000 JavaThread "C2 CompilerThread0" daemon [_thread_blocked, id=23806, stack(0x00007f2f07121000,0x00007f2f07221000)]
  0x00007f2f240c0800 JavaThread "Signal Dispatcher" daemon [_thread_blocked, id=23805, stack(0x00007f2f07221000,0x00007f2f07322000)]
  0x00007f2f2408e000 JavaThread "Finalizer" daemon [_thread_blocked, id=23804, stack(0x00007f2f07cfd000,0x00007f2f07dfe000)]
  0x00007f2f2408b800 JavaThread "Reference Handler" daemon [_thread_blocked, id=23803, stack(0x00007f2f07dfe000,0x00007f2f07eff000)]
=>0x00007f2f2400b800 JavaThread "main" [_thread_in_vm, id=23791, stack(0x00007f2f2db11000,0x00007f2f2dc11000)]

Other Threads:
  0x00007f2f24081800 VMThread [stack: 0x00007f2f07f00000,0x00007f2f08000000] [id=23802]
  0x00007f2f240d8800 WatcherThread [stack: 0x00007f2f06c1c000,0x00007f2f06d1c000] [id=23811]

VM state:not at safepoint (normal execution)

VM Mutex/Monitor currently owned by a thread:  ([mutex/lock_event])
[0x00007f2f24007720] ExpandHeap_lock - owner thread: 0x00007f2f2400b800
[0x00007f2f240082a0] Heap_lock - owner thread: 0x00007f2f2400b800

Heap:
 PSYoungGen      total 36864K, used 1269K [0x00000000d6f80000, 0x00000000d9880000, 0x0000000100000000)
  eden space 31744K, 4% used [0x00000000d6f80000,0x00000000d70bd728,0x00000000d8e80000)
  from space 5120K, 0% used [0x00000000d9380000,0x00000000d9380000,0x00000000d9880000)
  to   space 5120K, 0% used [0x00000000d8e80000,0x00000000d8e80000,0x00000000d9380000)
 ParOldGen       total 84992K, used 0K [0x0000000084e00000, 0x000000008a100000, 0x00000000d6f80000)
  object space 84992K, 0% used [0x0000000084e00000,0x0000000084e00000,0x000000008a100000)
 Metaspace       used 2616K, capacity 4490K, committed 4864K, reserved 1056768K
  class space    used 282K, capacity 386K, committed 512K, reserved 1048576K

Card table byte_map: [0x00007f2f2a407000,0x00007f2f2a7e1000] byte_map_base: 0x00007f2f29fe0000

Marking Bits: (ParMarkBitMap*) 0x00007f2f2cfb40a0
 Begin Bits: [0x00007f2f0c270000, 0x00007f2f0e138000)
 End Bits:   [0x00007f2f0e138000, 0x00007f2f10000000)

Polling page: 0x00007f2f2dc31000

CodeCache: size=245760Kb used=1097Kb max_used=1097Kb free=244662Kb
 bounds [0x00007f2f15000000, 0x00007f2f15270000, 0x00007f2f24000000]
 total_blobs=253 nmethods=23 adapters=145
 compilation: enabled

Compilation events (10 events):
Event: 0.079 Thread 0x00007f2f240c9000 nmethod 18 0x00007f2f151101d0 code [0x00007f2f15110340, 0x00007f2f15110670]
Event: 0.079 Thread 0x00007f2f240c9000   19       3       sun.nio.cs.UTF_8$Encoder::encode (359 bytes)
Event: 0.080 Thread 0x00007f2f240c9000 nmethod 19 0x00007f2f15110850 code [0x00007f2f15110a40, 0x00007f2f15111558]
Event: 0.080 Thread 0x00007f2f240c9000   20       1       java.net.URL::getProtocol (5 bytes)
Event: 0.080 Thread 0x00007f2f240c9000 nmethod 20 0x00007f2f15111bd0 code [0x00007f2f15111d20, 0x00007f2f15111e30]
Event: 2.706 Thread 0x00007f2f240c9000   21       1       java.nio.Buffer::position (5 bytes)
Event: 2.706 Thread 0x00007f2f240c9000 nmethod 21 0x00007f2f15111e90 code [0x00007f2f15111fe0, 0x00007f2f151120f0]
Event: 2.706 Thread 0x00007f2f240c9000   22       1       java.nio.Buffer::limit (5 bytes)
Event: 2.706 Thread 0x00007f2f240c9000 nmethod 22 0x00007f2f15112150 code [0x00007f2f151122a0, 0x00007f2f151123b0]
Event: 2.707 Thread 0x00007f2f240c9000   23       3       java.nio.ByteBuffer::arrayOffset (35 bytes)

GC Heap History (0 events):
No events

Deoptimization events (0 events):
No events

Classes redefined (0 events):
No events

Internal exceptions (2 events):
Event: 0.029 Thread 0x00007f2f2400b800 Exception <a 'java/lang/NoSuchMethodError': Method sun.misc.Unsafe.defineClass(Ljava/lang/String;[BII)Ljava/lang/Class; name or signature does not match> (0x00000000d6f87cb0) thrown at [/HUDSON/workspace/8-2-build-linux-amd64/jdk8u181/11358/hotspot/src/sh
Event: 0.029 Thread 0x00007f2f2400b800 Exception <a 'java/lang/NoSuchMethodError': Method sun.misc.Unsafe.prefetchRead(Ljava/lang/Object;J)V name or signature does not match> (0x00000000d6f87f98) thrown at [/HUDSON/workspace/8-2-build-linux-amd64/jdk8u181/11358/hotspot/src/share/vm/prims/jni.c

Events (10 events):
Event: 0.078 loading class java/lang/Class$MethodArray
Event: 0.078 loading class java/lang/Class$MethodArray done
Event: 0.078 loading class java/lang/Void
Event: 0.078 loading class java/lang/Void done
Event: 0.078 loading class CIADatacenter$FastReader
Event: 0.078 loading class CIADatacenter$FastReader done
Event: 0.079 loading class java/io/IOException
Event: 0.079 loading class java/io/IOException done
Event: 2.703 loading class java/util/concurrent/ConcurrentHashMap$ForwardingNode
Event: 2.703 loading class java/util/concurrent/ConcurrentHashMap$ForwardingNode done


Dynamic libraries:
00400000-00401000 r-xp 00000000 08:03 1718726                            /usr/lib/jvm/java-8-oracle/bin/java
00600000-00601000 rw-p 00000000 08:03 1718726                            /usr/lib/jvm/java-8-oracle/bin/java
010f8000-01119000 rw-p 00000000 00:00 0                                  [heap]
84e00000-8a100000 rw-p 00000000 00:00 0 
d6f80000-d9880000 rw-p 00000000 00:00 0 
d9880000-100000000 ---p 00000000 00:00 0 
100000000-100080000 rw-p 00000000 00:00 0 
100080000-140000000 ---p 00000000 00:00 0 
7f2eb8000000-7f2eb8021000 rw-p 00000000 00:00 0 
7f2eb8021000-7f2ebc000000 ---p 00000000 00:00 0 
7f2ebc000000-7f2ebc021000 rw-p 00000000 00:00 0 
7f2ebc021000-7f2ec0000000 ---p 00000000 00:00 0 
7f2ec0000000-7f2ec0021000 rw-p 00000000 00:00 0 
7f2ec0021000-7f2ec4000000 ---p 00000000 00:00 0 
7f2ec4000000-7f2ec4026000 rw-p 00000000 00:00 0 
7f2ec4026000-7f2ec8000000 ---p 00000000 00:00 0 
7f2ec8000000-7f2ec805e000 rw-p 00000000 00:00 0 
7f2ec805e000-7f2ecc000000 ---p 00000000 00:00 0 
7f2ecc000000-7f2ecc021000 rw-p 00000000 00:00 0 
7f2ecc021000-7f2ed0000000 ---p 00000000 00:00 0 
7f2ed0000000-7f2ed0021000 rw-p 00000000 00:00 0 
7f2ed0021000-7f2ed4000000 ---p 00000000 00:00 0 
7f2ed4000000-7f2ed4021000 rw-p 00000000 00:00 0 
7f2ed4021000-7f2ed8000000 ---p 00000000 00:00 0 
7f2ed8000000-7f2ed8021000 rw-p 00000000 00:00 0 
7f2ed8021000-7f2edc000000 ---p 00000000 00:00 0 
7f2edc000000-7f2edc021000 rw-p 00000000 00:00 0 
7f2edc021000-7f2ee0000000 ---p 00000000 00:00 0 
7f2ee0000000-7f2ee0021000 rw-p 00000000 00:00 0 
7f2ee0021000-7f2ee4000000 ---p 00000000 00:00 0 
7f2ee4000000-7f2ee4021000 rw-p 00000000 00:00 0 
7f2ee4021000-7f2ee8000000 ---p 00000000 00:00 0 
7f2ee8000000-7f2ee8021000 rw-p 00000000 00:00 0 
7f2ee8021000-7f2eec000000 ---p 00000000 00:00 0 
7f2ef0000000-7f2ef0021000 rw-p 00000000 00:00 0 
7f2ef0021000-7f2ef4000000 ---p 00000000 00:00 0 
7f2ef8000000-7f2ef8021000 rw-p 00000000 00:00 0 
7f2ef8021000-7f2efc000000 ---p 00000000 00:00 0 
7f2f00000000-7f2f00021000 rw-p 00000000 00:00 0 
7f2f00021000-7f2f04000000 ---p 00000000 00:00 0 
7f2f06990000-7f2f06c1b000 rw-p 00000000 00:00 0 
7f2f06c1b000-7f2f06c1c000 ---p 00000000 00:00 0 
7f2f06c1c000-7f2f06d1c000 rw-p 00000000 00:00 0 
7f2f06d1c000-7f2f06d1f000 ---p 00000000 00:00 0 
7f2f06d1f000-7f2f06e1d000 rw-p 00000000 00:00 0 
7f2f06e1d000-7f2f06e1e000 ---p 00000000 00:00 0 
7f2f06e1e000-7f2f06e21000 ---p 00000000 00:00 0 
7f2f06e21000-7f2f06f1e000 rw-p 00000000 00:00 0 
7f2f06f1e000-7f2f06f1f000 ---p 00000000 00:00 0 
7f2f06f1f000-7f2f06f22000 ---p 00000000 00:00 0 
7f2f06f22000-7f2f0701f000 rw-p 00000000 00:00 0 
7f2f0701f000-7f2f07020000 ---p 00000000 00:00 0 
7f2f07020000-7f2f07023000 ---p 00000000 00:00 0 
7f2f07023000-7f2f07120000 rw-p 00000000 00:00 0 
7f2f07120000-7f2f07121000 ---p 00000000 00:00 0 
7f2f07121000-7f2f07124000 ---p 00000000 00:00 0 
7f2f07124000-7f2f07221000 rw-p 00000000 00:00 0 
7f2f07221000-7f2f07224000 ---p 00000000 00:00 0 
7f2f07224000-7f2f07322000 rw-p 00000000 00:00 0 
7f2f07322000-7f2f07cfd000 r--p 00000000 08:03 1575295                    /usr/lib/locale/locale-archive
7f2f07cfd000-7f2f07d00000 ---p 00000000 00:00 0 
7f2f07d00000-7f2f07dfe000 rw-p 00000000 00:00 0 
7f2f07dfe000-7f2f07e01000 ---p 00000000 00:00 0 
7f2f07e01000-7f2f07eff000 rw-p 00000000 00:00 0 
7f2f07eff000-7f2f07f00000 ---p 00000000 00:00 0 
7f2f07f00000-7f2f08000000 rw-p 00000000 00:00 0 
7f2f08000000-7f2f08021000 rw-p 00000000 00:00 0 
7f2f08021000-7f2f0c000000 ---p 00000000 00:00 0 
7f2f0c06e000-7f2f10000000 rw-p 00000000 00:00 0 
7f2f10000000-7f2f10021000 rw-p 00000000 00:00 0 
7f2f10021000-7f2f14000000 ---p 00000000 00:00 0 
7f2f140d0000-7f2f15000000 rw-p 00000000 00:00 0 
7f2f15000000-7f2f15270000 rwxp 00000000 00:00 0 
7f2f15270000-7f2f24000000 ---p 00000000 00:00 0 
7f2f24000000-7f2f24119000 rw-p 00000000 00:00 0 
7f2f24119000-7f2f28000000 ---p 00000000 00:00 0 
7f2f28005000-7f2f28b45000 rw-p 00000000 00:00 0 
7f2f28b45000-7f2f28d1f000 r--s 03d6b000 08:03 1720210                    /usr/lib/jvm/java-8-oracle/jre/lib/rt.jar
7f2f28d1f000-7f2f291d5000 rw-p 00000000 00:00 0 
7f2f291d5000-7f2f29595000 ---p 00000000 00:00 0 
7f2f29595000-7f2f2996e000 rw-p 00000000 00:00 0 
7f2f2996e000-7f2f2996f000 ---p 00000000 00:00 0 
7f2f2996f000-7f2f29a6f000 rw-p 00000000 00:00 0 
7f2f29a6f000-7f2f29a70000 ---p 00000000 00:00 0 
7f2f29a70000-7f2f29b70000 rw-p 00000000 00:00 0 
7f2f29b70000-7f2f29b71000 ---p 00000000 00:00 0 
7f2f29b71000-7f2f29c71000 rw-p 00000000 00:00 0 
7f2f29c71000-7f2f29c72000 ---p 00000000 00:00 0 
7f2f29c72000-7f2f29d72000 rw-p 00000000 00:00 0 
7f2f29d72000-7f2f29d73000 ---p 00000000 00:00 0 
7f2f29d73000-7f2f29e73000 rw-p 00000000 00:00 0 
7f2f29e73000-7f2f29e74000 ---p 00000000 00:00 0 
7f2f29e74000-7f2f29f74000 rw-p 00000000 00:00 0 
7f2f29f74000-7f2f29f75000 ---p 00000000 00:00 0 
7f2f29f75000-7f2f2a075000 rw-p 00000000 00:00 0 
7f2f2a075000-7f2f2a076000 ---p 00000000 00:00 0 
7f2f2a076000-7f2f2a1a0000 rw-p 00000000 00:00 0 
7f2f2a1a0000-7f2f2a407000 ---p 00000000 00:00 0 
7f2f2a407000-7f2f2a431000 rw-p 00000000 00:00 0 
7f2f2a431000-7f2f2a697000 ---p 00000000 00:00 0 
7f2f2a697000-7f2f2a6ad000 rw-p 00000000 00:00 0 
7f2f2a6ad000-7f2f2a7e0000 ---p 00000000 00:00 0 
7f2f2a7e0000-7f2f2a7eb000 rw-p 00000000 00:00 0 
7f2f2a7eb000-7f2f2aba1000 ---p 00000000 00:00 0 
7f2f2aba1000-7f2f2abbc000 r-xp 00000000 08:03 1845930                    /usr/lib/jvm/java-8-oracle/jre/lib/amd64/libzip.so
7f2f2abbc000-7f2f2adbc000 ---p 0001b000 08:03 1845930                    /usr/lib/jvm/java-8-oracle/jre/lib/amd64/libzip.so
7f2f2adbc000-7f2f2adbd000 rw-p 0001b000 08:03 1845930                    /usr/lib/jvm/java-8-oracle/jre/lib/amd64/libzip.so
7f2f2adbd000-7f2f2adc8000 r-xp 00000000 08:03 1314019                    /lib/x86_64-linux-gnu/libnss_files-2.27.so
7f2f2adc8000-7f2f2afc7000 ---p 0000b000 08:03 1314019                    /lib/x86_64-linux-gnu/libnss_files-2.27.so
7f2f2afc7000-7f2f2afc8000 r--p 0000a000 08:03 1314019                    /lib/x86_64-linux-gnu/libnss_files-2.27.so
7f2f2afc8000-7f2f2afc9000 rw-p 0000b000 08:03 1314019                    /lib/x86_64-linux-gnu/libnss_files-2.27.so
7f2f2afc9000-7f2f2afcf000 rw-p 00000000 00:00 0 
7f2f2afcf000-7f2f2afe6000 r-xp 00000000 08:03 1314013                    /lib/x86_64-linux-gnu/libnsl-2.27.so
7f2f2afe6000-7f2f2b1e5000 ---p 00017000 08:03 1314013                    /lib/x86_64-linux-gnu/libnsl-2.27.so
7f2f2b1e5000-7f2f2b1e6000 r--p 00016000 08:03 1314013                    /lib/x86_64-linux-gnu/libnsl-2.27.so
7f2f2b1e6000-7f2f2b1e7000 rw-p 00017000 08:03 1314013                    /lib/x86_64-linux-gnu/libnsl-2.27.so
7f2f2b1e7000-7f2f2b1e9000 rw-p 00000000 00:00 0 
7f2f2b1e9000-7f2f2b1f4000 r-xp 00000000 08:03 1314030                    /lib/x86_64-linux-gnu/libnss_nis-2.27.so
7f2f2b1f4000-7f2f2b3f3000 ---p 0000b000 08:03 1314030                    /lib/x86_64-linux-gnu/libnss_nis-2.27.so
7f2f2b3f3000-7f2f2b3f4000 r--p 0000a000 08:03 1314030                    /lib/x86_64-linux-gnu/libnss_nis-2.27.so
7f2f2b3f4000-7f2f2b3f5000 rw-p 0000b000 08:03 1314030                    /lib/x86_64-linux-gnu/libnss_nis-2.27.so
7f2f2b3f5000-7f2f2b3fd000 r-xp 00000000 08:03 1314015                    /lib/x86_64-linux-gnu/libnss_compat-2.27.so
7f2f2b3fd000-7f2f2b5fd000 ---p 00008000 08:03 1314015                    /lib/x86_64-linux-gnu/libnss_compat-2.27.so
7f2f2b5fd000-7f2f2b5fe000 r--p 00008000 08:03 1314015                    /lib/x86_64-linux-gnu/libnss_compat-2.27.so
7f2f2b5fe000-7f2f2b5ff000 rw-p 00009000 08:03 1314015                    /lib/x86_64-linux-gnu/libnss_compat-2.27.so
7f2f2b5ff000-7f2f2b62a000 r-xp 00000000 08:03 1845924                    /usr/lib/jvm/java-8-oracle/jre/lib/amd64/libjava.so
7f2f2b62a000-7f2f2b829000 ---p 0002b000 08:03 1845924                    /usr/lib/jvm/java-8-oracle/jre/lib/amd64/libjava.so
7f2f2b829000-7f2f2b82b000 rw-p 0002a000 08:03 1845924                    /usr/lib/jvm/java-8-oracle/jre/lib/amd64/libjava.so
7f2f2b82b000-7f2f2b838000 r-xp 00000000 08:03 1845929                    /usr/lib/jvm/java-8-oracle/jre/lib/amd64/libverify.so
7f2f2b838000-7f2f2ba38000 ---p 0000d000 08:03 1845929                    /usr/lib/jvm/java-8-oracle/jre/lib/amd64/libverify.so
7f2f2ba38000-7f2f2ba3a000 rw-p 0000d000 08:03 1845929                    /usr/lib/jvm/java-8-oracle/jre/lib/amd64/libverify.so
7f2f2ba3a000-7f2f2ba41000 r-xp 00000000 08:03 1314070                    /lib/x86_64-linux-gnu/librt-2.27.so
7f2f2ba41000-7f2f2bc40000 ---p 00007000 08:03 1314070                    /lib/x86_64-linux-gnu/librt-2.27.so
7f2f2bc40000-7f2f2bc41000 r--p 00006000 08:03 1314070                    /lib/x86_64-linux-gnu/librt-2.27.so
7f2f2bc41000-7f2f2bc42000 rw-p 00007000 08:03 1314070                    /lib/x86_64-linux-gnu/librt-2.27.so
7f2f2bc42000-7f2f2bddf000 r-xp 00000000 08:03 1313992                    /lib/x86_64-linux-gnu/libm-2.27.so
7f2f2bddf000-7f2f2bfde000 ---p 0019d000 08:03 1313992                    /lib/x86_64-linux-gnu/libm-2.27.so
7f2f2bfde000-7f2f2bfdf000 r--p 0019c000 08:03 1313992                    /lib/x86_64-linux-gnu/libm-2.27.so
7f2f2bfdf000-7f2f2bfe0000 rw-p 0019d000 08:03 1313992                    /lib/x86_64-linux-gnu/libm-2.27.so
7f2f2bfe0000-7f2f2ccbc000 r-xp 00000000 08:03 1845906                    /usr/lib/jvm/java-8-oracle/jre/lib/amd64/server/libjvm.so
7f2f2ccbc000-7f2f2cebc000 ---p 00cdc000 08:03 1845906                    /usr/lib/jvm/java-8-oracle/jre/lib/amd64/server/libjvm.so
7f2f2cebc000-7f2f2cf96000 rw-p 00cdc000 08:03 1845906                    /usr/lib/jvm/java-8-oracle/jre/lib/amd64/server/libjvm.so
7f2f2cf96000-7f2f2cfe1000 rw-p 00000000 00:00 0 
7f2f2cfe1000-7f2f2d1c8000 r-xp 00000000 08:03 1313929                    /lib/x86_64-linux-gnu/libc-2.27.so
7f2f2d1c8000-7f2f2d3c8000 ---p 001e7000 08:03 1313929                    /lib/x86_64-linux-gnu/libc-2.27.so
7f2f2d3c8000-7f2f2d3cc000 r--p 001e7000 08:03 1313929                    /lib/x86_64-linux-gnu/libc-2.27.so
7f2f2d3cc000-7f2f2d3ce000 rw-p 001eb000 08:03 1313929                    /lib/x86_64-linux-gnu/libc-2.27.so
7f2f2d3ce000-7f2f2d3d2000 rw-p 00000000 00:00 0 
7f2f2d3d2000-7f2f2d3d5000 r-xp 00000000 08:03 1313952                    /lib/x86_64-linux-gnu/libdl-2.27.so
7f2f2d3d5000-7f2f2d5d4000 ---p 00003000 08:03 1313952                    /lib/x86_64-linux-gnu/libdl-2.27.so
7f2f2d5d4000-7f2f2d5d5000 r--p 00002000 08:03 1313952                    /lib/x86_64-linux-gnu/libdl-2.27.so
7f2f2d5d5000-7f2f2d5d6000 rw-p 00003000 08:03 1313952                    /lib/x86_64-linux-gnu/libdl-2.27.so
7f2f2d5d6000-7f2f2d5ec000 r-xp 00000000 08:03 1719402                    /usr/lib/jvm/java-8-oracle/lib/amd64/jli/libjli.so
7f2f2d5ec000-7f2f2d7eb000 ---p 00016000 08:03 1719402                    /usr/lib/jvm/java-8-oracle/lib/amd64/jli/libjli.so
7f2f2d7eb000-7f2f2d7ec000 rw-p 00015000 08:03 1719402                    /usr/lib/jvm/java-8-oracle/lib/amd64/jli/libjli.so
7f2f2d7ec000-7f2f2d806000 r-xp 00000000 08:03 1314062                    /lib/x86_64-linux-gnu/libpthread-2.27.so
7f2f2d806000-7f2f2da05000 ---p 0001a000 08:03 1314062                    /lib/x86_64-linux-gnu/libpthread-2.27.so
7f2f2da05000-7f2f2da06000 r--p 00019000 08:03 1314062                    /lib/x86_64-linux-gnu/libpthread-2.27.so
7f2f2da06000-7f2f2da07000 rw-p 0001a000 08:03 1314062                    /lib/x86_64-linux-gnu/libpthread-2.27.so
7f2f2da07000-7f2f2da0b000 rw-p 00000000 00:00 0 
7f2f2da0b000-7f2f2da32000 r-xp 00000000 08:03 1313901                    /lib/x86_64-linux-gnu/ld-2.27.so
7f2f2da33000-7f2f2da38000 r--s 00084000 08:03 1720147                    /usr/lib/jvm/java-8-oracle/jre/lib/jfr.jar
7f2f2da38000-7f2f2da3d000 r--s 002f9000 08:03 1720208                    /usr/lib/jvm/java-8-oracle/jre/lib/charsets.jar
7f2f2da3d000-7f2f2da40000 r--s 0001a000 08:03 1720226                    /usr/lib/jvm/java-8-oracle/jre/lib/jce.jar
7f2f2da40000-7f2f2da45000 r--s 0009d000 08:03 1720220                    /usr/lib/jvm/java-8-oracle/jre/lib/jsse.jar
7f2f2da45000-7f2f2db10000 rw-p 00000000 00:00 0 
7f2f2db10000-7f2f2db11000 ---p 00000000 00:00 0 
7f2f2db11000-7f2f2db14000 ---p 00000000 00:00 0 
7f2f2db14000-7f2f2dc15000 rw-p 00000000 00:00 0 
7f2f2dc15000-7f2f2dc28000 r--s 00345000 08:03 1720219                    /usr/lib/jvm/java-8-oracle/jre/lib/resources.jar
7f2f2dc28000-7f2f2dc30000 rw-s 00000000 08:03 523267                     /tmp/hsperfdata_fronky/23787
7f2f2dc30000-7f2f2dc31000 rw-p 00000000 00:00 0 
7f2f2dc31000-7f2f2dc32000 r--p 00000000 00:00 0 
7f2f2dc32000-7f2f2dc33000 r--p 00027000 08:03 1313901                    /lib/x86_64-linux-gnu/ld-2.27.so
7f2f2dc33000-7f2f2dc34000 rw-p 00028000 08:03 1313901                    /lib/x86_64-linux-gnu/ld-2.27.so
7f2f2dc34000-7f2f2dc35000 rw-p 00000000 00:00 0 
7ffca1915000-7ffca1936000 rw-p 00000000 00:00 0                          [stack]
7ffca198f000-7ffca1992000 r--p 00000000 00:00 0                          [vvar]
7ffca1992000-7ffca1994000 r-xp 00000000 00:00 0                          [vdso]
ffffffffff600000-ffffffffff601000 r-xp 00000000 00:00 0                  [vsyscall]

VM Arguments:
jvm_args: -Dfile.encoding=UTF-8 
java_command: CIADatacenter
java_class_path (initial): /usr/lib/jvm/java-8-oracle/jre/lib/resources.jar:/usr/lib/jvm/java-8-oracle/jre/lib/rt.jar:/usr/lib/jvm/java-8-oracle/jre/lib/jsse.jar:/usr/lib/jvm/java-8-oracle/jre/lib/jce.jar:/usr/lib/jvm/java-8-oracle/jre/lib/charsets.jar:/usr/lib/jvm/java-8-oracle/jre/lib/jfr.jar:/usr/lib/jvm/java-8-oracle/jre/lib/ext/jfxrt.jar:/usr/lib/jvm/java-8-oracle/jre/lib/ext/nashorn.jar:/usr/lib/jvm/java-8-oracle/jre/lib/ext/cldrdata.jar:/usr/lib/jvm/java-8-oracle/jre/lib/ext/localedata.jar:/usr/lib/jvm/java-8-oracle/jre/lib/ext/sunec.jar:/usr/lib/jvm/java-8-oracle/jre/lib/ext/sunjce_provider.jar:/usr/lib/jvm/java-8-oracle/jre/lib/ext/zipfs.jar:/usr/lib/jvm/java-8-oracle/jre/lib/ext/dnsns.jar:/usr/lib/jvm/java-8-oracle/jre/lib/ext/jaccess.jar:/usr/lib/jvm/java-8-oracle/jre/lib/ext/sunpkcs11.jar:/home/fronky/eclipse-workspace/Week2/bin
Launcher Type: SUN_STANDARD

Environment Variables:
JAVA_HOME=/usr/lib/jvm/java-8-oracle
PATH=/usr/local/sbin:/usr/local/bin:/usr/sbin:/usr/bin:/sbin:/bin:/usr/games:/usr/local/games:/snap/bin:/usr/lib/jvm/java-8-oracle/bin:/usr/lib/jvm/java-8-oracle/db/bin:/usr/lib/jvm/java-8-oracle/jre/bin
USERNAME=fronky
SHELL=/usr/bin/zsh
DISPLAY=:0

Signal Handlers:
SIGSEGV: [libjvm.so+0xad2a40], sa_mask[0]=11111111011111111101111111111110, sa_flags=SA_RESTART|SA_SIGINFO
SIGBUS: [libjvm.so+0xad2a40], sa_mask[0]=11111111011111111101111111111110, sa_flags=SA_RESTART|SA_SIGINFO
SIGFPE: [libjvm.so+0x92a610], sa_mask[0]=11111111011111111101111111111110, sa_flags=SA_RESTART|SA_SIGINFO
SIGPIPE: [libjvm.so+0x92a610], sa_mask[0]=11111111011111111101111111111110, sa_flags=SA_RESTART|SA_SIGINFO
SIGXFSZ: [libjvm.so+0x92a610], sa_mask[0]=11111111011111111101111111111110, sa_flags=SA_RESTART|SA_SIGINFO
SIGILL: [libjvm.so+0x92a610], sa_mask[0]=11111111011111111101111111111110, sa_flags=SA_RESTART|SA_SIGINFO
SIGUSR1: SIG_DFL, sa_mask[0]=00000000000000000000000000000000, sa_flags=none
SIGUSR2: [libjvm.so+0x92be70], sa_mask[0]=00100000000000000000000000000000, sa_flags=SA_RESTART|SA_SIGINFO
SIGHUP: [libjvm.so+0x92d270], sa_mask[0]=11111111011111111101111111111110, sa_flags=SA_RESTART|SA_SIGINFO
SIGINT: [libjvm.so+0x92d270], sa_mask[0]=11111111011111111101111111111110, sa_flags=SA_RESTART|SA_SIGINFO
SIGTERM: [libjvm.so+0x92d270], sa_mask[0]=11111111011111111101111111111110, sa_flags=SA_RESTART|SA_SIGINFO
SIGQUIT: [libjvm.so+0x92d270], sa_mask[0]=11111111011111111101111111111110, sa_flags=SA_RESTART|SA_SIGINFO


---------------  S Y S T E M  ---------------

OS:DISTRIB_ID=Ubuntu
DISTRIB_RELEASE=18.04
DISTRIB_CODENAME=bionic
DISTRIB_DESCRIPTION="Ubuntu 18.04.1 LTS"

uname:Linux 4.15.0-32-generic #35-Ubuntu SMP Fri Aug 10 17:58:07 UTC 2018 x86_64
libc:glibc 2.27 NPTL 2.27 
rlimit: STACK 8192k, CORE 0k, NPROC 30895, NOFILE 4096, AS infinity
load average:0.66 0.75 0.88

/proc/meminfo:
MemTotal:        8063408 kB
MemFree:          206216 kB
MemAvailable:     323908 kB
Buffers:           14884 kB
Cached:          1505768 kB
SwapCached:        18632 kB
Active:          6269236 kB
Inactive:        1194252 kB
Active(anon):    6094644 kB
Inactive(anon):  1055024 kB
Active(file):     174592 kB
Inactive(file):   139228 kB
Unevictable:         224 kB
Mlocked:             224 kB
SwapTotal:       1852220 kB
SwapFree:              4 kB
Dirty:               660 kB
Writeback:             0 kB
AnonPages:       5924684 kB
Mapped:           508464 kB
Shmem:           1206832 kB
Slab:             154576 kB
SReclaimable:      59180 kB
SUnreclaim:        95396 kB
KernelStack:       22784 kB
PageTables:        99848 kB
NFS_Unstable:          0 kB
Bounce:                0 kB
WritebackTmp:          0 kB
CommitLimit:     5883924 kB
Committed_AS:   18855668 kB
VmallocTotal:   34359738367 kB
VmallocUsed:           0 kB
VmallocChunk:          0 kB
HardwareCorrupted:     0 kB
AnonHugePages:         0 kB
ShmemHugePages:        0 kB
ShmemPmdMapped:        0 kB
CmaTotal:              0 kB
CmaFree:               0 kB
HugePages_Total:       0
HugePages_Free:        0
HugePages_Rsvd:        0
HugePages_Surp:        0
Hugepagesize:       2048 kB
DirectMap4k:      490392 kB
DirectMap2M:     7794688 kB
DirectMap1G:     1048576 kB


CPU:total 8 (initial active 8) (4 cores per cpu, 2 threads per core) family 6 model 94 stepping 3, cmov, cx8, fxsr, mmx, sse, sse2, sse3, ssse3, sse4.1, sse4.2, popcnt, avx, avx2, aes, clmul, erms, rtm, 3dnowpref, lzcnt, ht, tsc, tscinvbit, bmi1, bmi2, adx

/proc/cpuinfo:
processor	: 0
vendor_id	: GenuineIntel
cpu family	: 6
model		: 94
model name	: Intel(R) Core(TM) i7-6700HQ CPU @ 2.60GHz
stepping	: 3
microcode	: 0xc2
cpu MHz		: 1593.980
cache size	: 6144 KB
physical id	: 0
siblings	: 8
core id		: 0
cpu cores	: 4
apicid		: 0
initial apicid	: 0
fpu		: yes
fpu_exception	: yes
cpuid level	: 22
wp		: yes
flags		: fpu vme de pse tsc msr pae mce cx8 apic sep mtrr pge mca cmov pat pse36 clflush dts acpi mmx fxsr sse sse2 ss ht tm pbe syscall nx pdpe1gb rdtscp lm constant_tsc art arch_perfmon pebs bts rep_good nopl xtopology nonstop_tsc cpuid aperfmperf tsc_known_freq pni pclmulqdq dtes64 monitor ds_cpl vmx est tm2 ssse3 sdbg fma cx16 xtpr pdcm pcid sse4_1 sse4_2 x2apic movbe popcnt tsc_deadline_timer aes xsave avx f16c rdrand lahf_lm abm 3dnowprefetch cpuid_fault epb invpcid_single pti ibrs ibpb stibp tpr_shadow vnmi flexpriority ept vpid fsgsbase tsc_adjust bmi1 hle avx2 smep bmi2 erms invpcid rtm mpx rdseed adx smap clflushopt intel_pt xsaveopt xsavec xgetbv1 xsaves dtherm ida arat pln pts hwp hwp_notify hwp_act_window hwp_epp
bugs		: cpu_meltdown spectre_v1 spectre_v2 spec_store_bypass l1tf
bogomips	: 5184.00
clflush size	: 64
cache_alignment	: 64
address sizes	: 39 bits physical, 48 bits virtual
power management:

processor	: 1
vendor_id	: GenuineIntel
cpu family	: 6
model		: 94
model name	: Intel(R) Core(TM) i7-6700HQ CPU @ 2.60GHz
stepping	: 3
microcode	: 0xc2
cpu MHz		: 1595.247
cache size	: 6144 KB
physical id	: 0
siblings	: 8
core id		: 1
cpu cores	: 36
apicid		: 2
initial apicid	: 2
fpu		: yes
fpu_exception	: yes
cpuid level	: 22
wp		: yes
flags		: fpu vme de pse tsc msr pae mce cx8 apic sep mtrr pge mca cmov pat pse36 clflush dts acpi mmx fxsr sse sse2 ss ht tm pbe syscall nx pdpe1gb rdtscp lm constant_tsc art arch_perfmon pebs bts rep_good nopl xtopology nonstop_tsc cpuid aperfmperf tsc_known_freq pni pclmulqdq dtes64 monitor ds_cpl vmx est tm2 ssse3 sdbg fma cx16 xtpr pdcm pcid sse4_1 sse4_2 x2apic movbe popcnt tsc_deadline_timer aes xsave avx f16c rdrand lahf_lm abm 3dnowprefetch cpuid_fault epb invpcid_single pti ibrs ibpb stibp tpr_shadow vnmi flexpriority ept vpid fsgsbase tsc_adjust bmi1 hle avx2 smep bmi2 erms invpcid rtm mpx rdseed adx smap clflushopt intel_pt xsaveopt xsavec xgetbv1 xsaves dtherm ida arat pln pts hwp hwp_notify hwp_act_window hwp_epp
bugs		: cpu_meltdown spectre_v1 spectre_v2 spec_store_bypass l1tf
bogomips	: 5184.00
clflush size	: 64
cache_alignment	: 64
address sizes	: 39 bits physical, 48 bits virtual
power management:

processor	: 2
vendor_id	: GenuineIntel
cpu family	: 6
model		: 94
model name	: Intel(R) Core(TM) i7-6700HQ CPU @ 2.60GHz
stepping	: 3
microcode	: 0xc2
cpu MHz		: 1588.712
cache size	: 6144 KB
physical id	: 0
siblings	: 8
core id		: 2
cpu cores	: 36
apicid		: 4
initial apicid	: 4
fpu		: yes
fpu_exception	: yes
cpuid level	: 22
wp		: yes
flags		: fpu vme de pse tsc msr pae mce cx8 apic sep mtrr pge mca cmov pat pse36 clflush dts acpi mmx fxsr sse sse2 ss ht tm pbe syscall nx pdpe1gb rdtscp lm constant_tsc art arch_perfmon pebs bts rep_good nopl xtopology nonstop_tsc cpuid aperfmperf tsc_known_freq pni pclmulqdq dtes64 monitor ds_cpl vmx est tm2 ssse3 sdbg fma cx16 xtpr pdcm pcid sse4_1 sse4_2 x2apic movbe popcnt tsc_deadline_timer aes xsave avx f16c rdrand lahf_lm abm 3dnowprefetch cpuid_fault epb invpcid_single pti ibrs ibpb stibp tpr_shadow vnmi flexpriority ept vpid fsgsbase tsc_adjust bmi1 hle avx2 smep bmi2 erms invpcid rtm mpx rdseed adx smap clflushopt intel_pt xsaveopt xsavec xgetbv1 xsaves dtherm ida arat pln pts hwp hwp_notify hwp_act_window hwp_epp
bugs		: cpu_meltdown spectre_v1 spectre_v2 spec_store_bypass l1tf
bogomips	: 5184.00
clflush size	: 64
cache_alignment	: 64
address sizes	: 39 bits physical, 48 bits virtual
power management:

processor	: 3
vendor_id	: GenuineIntel
cpu family	: 6
model		: 94
model name	: Intel(R) Core(TM) i7-6700HQ CPU @ 2.60GHz
stepping	: 3
microcode	: 0xc2
cpu MHz		: 1578.220
cache size	: 6144 KB
physical id	: 0
siblings	: 8
core id		: 3
cpu cores	: 36
apicid		: 6
initial apicid	: 6
fpu		: yes
fpu_exception	: yes
cpuid level	: 22
wp		: yes
flags		: fpu vme de pse tsc msr pae mce cx8 apic sep mtrr pge mca cmov pat pse36 clflush dts acpi mmx fxsr sse sse2 ss ht tm pbe syscall nx pdpe1gb rdtscp lm constant_tsc art arch_perfmon pebs bts rep_good nopl xtopology nonstop_tsc cpuid aperfmperf tsc_known_freq pni pclmulqdq dtes64 monitor ds_cpl vmx est tm2 ssse3 sdbg fma cx16 xtpr pdcm pcid sse4_1 sse4_2 x2apic movbe popcnt tsc_deadline_timer aes xsave avx f16c rdrand lahf_lm abm 3dnowprefetch cpuid_fault epb invpcid_single pti ibrs ibpb stibp tpr_shadow vnmi flexpriority ept vpid fsgsbase tsc_adjust bmi1 hle avx2 smep bmi2 erms invpcid rtm mpx rdseed adx smap clflushopt intel_pt xsaveopt xsavec xgetbv1 xsaves dtherm ida arat pln pts hwp hwp_notify hwp_act_window hwp_epp
bugs		: cpu_meltdown spectre_v1 spectre_v2 spec_store_bypass l1tf
bogomips	: 5184.00
clflush size	: 64
cache_alignment	: 64
address sizes	: 39 bits physical, 48 bits virtual
power management:

processor	: 4
vendor_id	: GenuineIntel
cpu family	: 6
model		: 94
model name	: Intel(R) Core(TM) i7-6700HQ CPU @ 2.60GHz
stepping	: 3
microcode	: 0xc2
cpu MHz		: 1591.287
cache size	: 6144 KB
physical id	: 0
siblings	: 8
core id		: 0
cpu cores	: 4
apicid		: 1
initial apicid	: 1
fpu		: yes
fpu_exception	: yes
cpuid level	: 22
wp		: yes
flags		: fpu vme de pse tsc msr pae mce cx8 apic sep mtrr pge mca cmov pat pse36 clflush dts acpi mmx fxsr sse sse2 ss ht tm pbe syscall nx pdpe1gb rdtscp lm constant_tsc art arch_perfmon pebs bts rep_good nopl xtopology nonstop_tsc cpuid aperfmperf tsc_known_freq pni pclmulqdq dtes64 monitor ds_cpl vmx est tm2 ssse3 sdbg fma cx16 xtpr pdcm pcid sse4_1 sse4_2 x2apic movbe popcnt tsc_deadline_timer aes xsave avx f16c rdrand lahf_lm abm 3dnowprefetch cpuid_fault epb invpcid_single pti ibrs ibpb stibp tpr_shadow vnmi flexpriority ept vpid fsgsbase tsc_adjust bmi1 hle avx2 smep bmi2 erms invpcid rtm mpx rdseed adx smap clflushopt intel_pt xsaveopt xsavec xgetbv1 xsaves dtherm ida arat pln pts hwp hwp_notify hwp_act_window hwp_epp
bugs		: cpu_meltdown spectre_v1 spectre_v2 spec_store_bypass l1tf
bogomips	: 5184.00
clflush size	: 64
cache_alignment	: 64
address sizes	: 39 bits physical, 48 bits virtual
power management:

processor	: 5
vendor_id	: GenuineIntel
cpu family	: 6
model		: 94
model name	: Intel(R) Core(TM) i7-6700HQ CPU @ 2.60GHz
stepping	: 3
microcode	: 0xc2
cpu MHz		: 1595.283
cache size	: 6144 KB
physical id	: 0
siblings	: 8
core id		: 1
cpu cores	: 4
apicid		: 3
initial apicid	: 3
fpu		: yes
fpu_exception	: yes
cpuid level	: 22
wp		: yes
flags		: fpu vme de pse tsc msr pae mce cx8 apic sep mtrr pge mca cmov pat pse36 clflush dts acpi mmx fxsr sse sse2 ss ht tm pbe syscall nx pdpe1gb rdtscp lm constant_tsc art arch_perfmon pebs bts rep_good nopl xtopology nonstop_tsc cpuid aperfmperf tsc_known_freq pni pclmulqdq dtes64 monitor ds_cpl vmx est tm2 ssse3 sdbg fma cx16 xtpr pdcm pcid sse4_1 sse4_2 x2apic movbe popcnt tsc_deadline_timer aes xsave avx f16c rdrand lahf_lm abm 3dnowprefetch cpuid_fault epb invpcid_single pti ibrs ibpb stibp tpr_shadow vnmi flexpriority ept vpid fsgsbase tsc_adjust bmi1 hle avx2 smep bmi2 erms invpcid rtm mpx rdseed adx smap clflushopt intel_pt xsaveopt xsavec xgetbv1 xsaves dtherm ida arat pln pts hwp hwp_notify hwp_act_window hwp_epp
bugs		: cpu_meltdown spectre_v1 spectre_v2 spec_store_bypass l1tf
bogomips	: 5184.00
clflush size	: 64
cache_alignment	: 64
address sizes	: 39 bits physical, 48 bits virtual
power management:

processor	: 6
vendor_id	: GenuineIntel
cpu family	: 6
model		: 94
model name	: Intel(R) Core(TM) i7-6700HQ CPU @ 2.60GHz
stepping	: 3
microcode	: 0xc2
cpu MHz		: 1599.745
cache size	: 6144 KB
physical id	: 0
siblings	: 8
core id		: 2
cpu cores	: 4
apicid		: 5
initial apicid	: 5
fpu		: yes
fpu_exception	: yes
cpuid level	: 22
wp		: yes
flags		: fpu vme de pse tsc msr pae mce cx8 apic sep mtrr pge mca cmov pat pse36 clflush dts acpi mmx fxsr sse sse2 ss ht tm pbe syscall nx pdpe1gb rdtscp lm constant_tsc art arch_perfmon pebs bts rep_good nopl xtopology nonstop_tsc cpuid aperfmperf tsc_known_freq pni pclmulqdq dtes64 monitor ds_cpl vmx est tm2 ssse3 sdbg fma cx16 xtpr pdcm pcid sse4_1 sse4_2 x2apic movbe popcnt tsc_deadline_timer aes xsave avx f16c rdrand lahf_lm abm 3dnowprefetch cpuid_fault epb invpcid_single pti ibrs ibpb stibp tpr_shadow vnmi flexpriority ept vpid fsgsbase tsc_adjust bmi1 hle avx2 smep bmi2 erms invpcid rtm mpx rdseed adx smap clflushopt intel_pt xsaveopt xsavec xgetbv1 xsaves dtherm ida arat pln pts hwp hwp_notify hwp_act_window hwp_epp
bugs		: cpu_meltdown spectre_v1 spectre_v2 spec_store_bypass l1tf
bogomips	: 5184.00
clflush size	: 64
cache_alignment	: 64
address sizes	: 39 bits physical, 48 bits virtual
power management:

processor	: 7
vendor_id	: GenuineIntel
cpu family	: 6
model		: 94
model name	: Intel(R) Core(TM) i7-6700HQ CPU @ 2.60GHz
stepping	: 3
microcode	: 0xc2
cpu MHz		: 1594.778
cache size	: 6144 KB
physical id	: 0
siblings	: 8
core id		: 3
cpu cores	: 65516
apicid		: 7
initial apicid	: 7
fpu		: yes
fpu_exception	: yes
cpuid level	: 22
wp		: yes
flags		: fpu vme de pse tsc msr pae mce cx8 apic sep mtrr pge mca cmov pat pse36 clflush dts acpi mmx fxsr sse sse2 ss ht tm pbe syscall nx pdpe1gb rdtscp lm constant_tsc art arch_perfmon pebs bts rep_good nopl xtopology nonstop_tsc cpuid aperfmperf tsc_known_freq pni pclmulqdq dtes64 monitor ds_cpl vmx est tm2 ssse3 sdbg fma cx16 xtpr pdcm pcid sse4_1 sse4_2 x2apic movbe popcnt tsc_deadline_timer aes xsave avx f16c rdrand lahf_lm abm 3dnowprefetch cpuid_fault epb invpcid_single pti ibrs ibpb stibp tpr_shadow vnmi flexpriority ept vpid fsgsbase tsc_adjust bmi1 hle avx2 smep bmi2 erms invpcid rtm mpx rdseed adx smap clflushopt intel_pt xsaveopt xsavec xgetbv1 xsaves dtherm ida arat pln pts hwp hwp_notify hwp_act_window hwp_epp
bugs		: cpu_meltdown spectre_v1 spectre_v2 spec_store_bypass l1tf
bogomips	: 5184.00
clflush size	: 64
cache_alignment	: 64
address sizes	: 39 bits physical, 48 bits virtual
power management:



Memory: 4k page, physical 8063408k(206232k free), swap 1852220k(4k free)

vm_info: Java HotSpot(TM) 64-Bit Server VM (25.181-b13) for linux-amd64 JRE (1.8.0_181-b13), built on Jul  7 2018 00:56:38 by "java_re" with gcc 4.3.0 20080428 (Red Hat 4.3.0-8)

time: Thu Aug 23 07:09:59 2018
elapsed time: 2 seconds (0d 0h 0m 2s)

