#
# There is insufficient memory for the Java Runtime Environment to continue.
# Native memory allocation (mmap) failed to map 1290272768 bytes for committing reserved memory.
# Possible reasons:
#   The system is out of physical RAM or swap space
#   In 32 bit mode, the process size limit was hit
# Possible solutions:
#   Reduce memory load on the system
#   Increase physical memory or swap space
#   Check if swap backing store is full
#   Use 64 bit Java on a 64 bit OS
#   Decrease Java heap size (-Xmx/-Xms)
#   Decrease number of Java threads
#   Decrease Java thread stack sizes (-Xss)
#   Set larger code cache with -XX:ReservedCodeCacheSize=
# This output file may be truncated or incomplete.
#
#  Out of Memory Error (os_linux.cpp:2640), pid=22988, tid=0x00007f51e95d4700
#
# JRE version: Java(TM) SE Runtime Environment (8.0_181-b13) (build 1.8.0_181-b13)
# Java VM: Java HotSpot(TM) 64-Bit Server VM (25.181-b13 mixed mode linux-amd64 compressed oops)
# Failed to write core dump. Core dumps have been disabled. To enable core dumping, try "ulimit -c unlimited" before starting Java again
#

---------------  T H R E A D  ---------------

Current thread (0x00007f51e000b800):  JavaThread "main" [_thread_in_vm, id=22994, stack(0x00007f51e94d5000,0x00007f51e95d5000)]

Stack: [0x00007f51e94d5000,0x00007f51e95d5000],  sp=0x00007f51e95d3150,  free space=1016k
Native frames: (J=compiled Java code, j=interpreted, Vv=VM code, C=native code)
V  [libjvm.so+0xad21aa]  VMError::report_and_die()+0x2ba
V  [libjvm.so+0x5022db]  report_vm_out_of_memory(char const*, int, unsigned long, VMErrorType, char const*)+0x8b
V  [libjvm.so+0x92fe33]  os::Linux::commit_memory_impl(char*, unsigned long, bool)+0x123
V  [libjvm.so+0x930059]  os::pd_commit_memory(char*, unsigned long, unsigned long, bool)+0x29
V  [libjvm.so+0x9272ba]  os::commit_memory(char*, unsigned long, unsigned long, bool)+0x2a
V  [libjvm.so+0x99d2e3]  PSVirtualSpace::expand_by(unsigned long)+0x53
V  [libjvm.so+0x98d969]  PSOldGen::expand_by(unsigned long)+0x49
V  [libjvm.so+0x98dbd5]  PSOldGen::expand(unsigned long)+0x1a5
V  [libjvm.so+0x98de5a]  PSOldGen::expand_and_allocate(unsigned long)+0x1a
V  [libjvm.so+0x98df7b]  PSOldGen::allocate(unsigned long)+0xcb
V  [libjvm.so+0x951a1e]  ParallelScavengeHeap::mem_allocate(unsigned long, bool*)+0xfe
V  [libjvm.so+0xa9790e]  TypeArrayKlass::allocate_common(int, bool, Thread*)+0x26e
V  [libjvm.so+0x68afba]  InterpreterRuntime::newarray(JavaThread*, BasicType, int)+0x2a
j  CIADatacenter.check(IIIII)Z+2
j  CIADatacenter.bSearch(IIIIII)I+23
j  CIADatacenter.main([Ljava/lang/String;)V+128
v  ~StubRoutines::call_stub
V  [libjvm.so+0x697a76]  JavaCalls::call_helper(JavaValue*, methodHandle*, JavaCallArguments*, Thread*)+0x1056
V  [libjvm.so+0x6d91c2]  jni_invoke_static(JNIEnv_*, JavaValue*, _jobject*, JNICallType, _jmethodID*, JNI_ArgumentPusher*, Thread*)+0x362
V  [libjvm.so+0x6f5a2a]  jni_CallStaticVoidMethod+0x17a
C  [libjli.so+0x80ff]  JavaMain+0x81f
C  [libpthread.so.0+0x76db]  start_thread+0xdb

Java frames: (J=compiled Java code, j=interpreted, Vv=VM code)
j  CIADatacenter.check(IIIII)Z+2
j  CIADatacenter.bSearch(IIIIII)I+23
j  CIADatacenter.main([Ljava/lang/String;)V+128
v  ~StubRoutines::call_stub

---------------  P R O C E S S  ---------------

Java Threads: ( => current thread )
  0x00007f51e00d4000 JavaThread "Service Thread" daemon [_thread_blocked, id=23012, stack(0x00007f51aa716000,0x00007f51aa817000)]
  0x00007f51e00c9000 JavaThread "C1 CompilerThread3" daemon [_thread_blocked, id=23011, stack(0x00007f51aa818000,0x00007f51aa918000)]
  0x00007f51e00c6800 JavaThread "C2 CompilerThread2" daemon [_thread_blocked, id=23010, stack(0x00007f51aa919000,0x00007f51aaa19000)]
  0x00007f51e00c5000 JavaThread "C2 CompilerThread1" daemon [_thread_blocked, id=23009, stack(0x00007f51aaa1a000,0x00007f51aab1a000)]
  0x00007f51e00c2000 JavaThread "C2 CompilerThread0" daemon [_thread_blocked, id=23008, stack(0x00007f51aab1b000,0x00007f51aac1b000)]
  0x00007f51e00c0800 JavaThread "Signal Dispatcher" daemon [_thread_blocked, id=23007, stack(0x00007f51aac1b000,0x00007f51aad1c000)]
  0x00007f51e008e000 JavaThread "Finalizer" daemon [_thread_blocked, id=23005, stack(0x00007f51ab6f7000,0x00007f51ab7f8000)]
  0x00007f51e008b800 JavaThread "Reference Handler" daemon [_thread_blocked, id=23004, stack(0x00007f51ab7f8000,0x00007f51ab8f9000)]
=>0x00007f51e000b800 JavaThread "main" [_thread_in_vm, id=22994, stack(0x00007f51e94d5000,0x00007f51e95d5000)]

Other Threads:
  0x00007f51e0081800 VMThread [stack: 0x00007f51ab8fa000,0x00007f51ab9fa000] [id=23003]
  0x00007f51e00d9000 WatcherThread [stack: 0x00007f51aa616000,0x00007f51aa716000] [id=23013]

VM state:not at safepoint (normal execution)

VM Mutex/Monitor currently owned by a thread:  ([mutex/lock_event])
[0x00007f51e0007720] ExpandHeap_lock - owner thread: 0x00007f51e000b800
[0x00007f51e00082a0] Heap_lock - owner thread: 0x00007f51e000b800

Heap:
 PSYoungGen      total 36864K, used 1269K [0x00000000d6f80000, 0x00000000d9880000, 0x0000000100000000)
  eden space 31744K, 4% used [0x00000000d6f80000,0x00000000d70bd728,0x00000000d8e80000)
  from space 5120K, 0% used [0x00000000d9380000,0x00000000d9380000,0x00000000d9880000)
  to   space 5120K, 0% used [0x00000000d8e80000,0x00000000d8e80000,0x00000000d9380000)
 ParOldGen       total 84992K, used 0K [0x0000000084e00000, 0x000000008a100000, 0x00000000d6f80000)
  object space 84992K, 0% used [0x0000000084e00000,0x0000000084e00000,0x000000008a100000)
 Metaspace       used 2614K, capacity 4490K, committed 4864K, reserved 1056768K
  class space    used 282K, capacity 386K, committed 512K, reserved 1048576K

Card table byte_map: [0x00007f51e5dcb000,0x00007f51e61a5000] byte_map_base: 0x00007f51e59a4000

Marking Bits: (ParMarkBitMap*) 0x00007f51e89780a0
 Begin Bits: [0x00007f51b0270000, 0x00007f51b2138000)
 End Bits:   [0x00007f51b2138000, 0x00007f51b4000000)

Polling page: 0x00007f51e95f5000

CodeCache: size=245760Kb used=1095Kb max_used=1095Kb free=244664Kb
 bounds [0x00007f51d1000000, 0x00007f51d1270000, 0x00007f51e0000000]
 total_blobs=250 nmethods=20 adapters=145
 compilation: enabled

Compilation events (10 events):
Event: 0.079 Thread 0x00007f51e00c9000   16       3       java.lang.Character::toLowerCase (9 bytes)
Event: 0.079 Thread 0x00007f51e00c9000 nmethod 16 0x00007f51d110f7d0 code [0x00007f51d110f940, 0x00007f51d110fb78]
Event: 0.079 Thread 0x00007f51e00c9000   17       1       java.io.File::getPath (5 bytes)
Event: 0.079 Thread 0x00007f51e00c9000 nmethod 17 0x00007f51d110fc50 code [0x00007f51d110fda0, 0x00007f51d110feb0]
Event: 0.081 Thread 0x00007f51e00c9000   18       3       java.lang.String::startsWith (72 bytes)
Event: 0.082 Thread 0x00007f51e00c9000 nmethod 18 0x00007f51d1110310 code [0x00007f51d1110480, 0x00007f51d11107b0]
Event: 0.082 Thread 0x00007f51e00c9000   19       3       sun.nio.cs.UTF_8$Encoder::encode (359 bytes)
Event: 0.082 Thread 0x00007f51e00c9000 nmethod 19 0x00007f51d1110990 code [0x00007f51d1110b80, 0x00007f51d1111698]
Event: 0.082 Thread 0x00007f51e00c9000   20       1       java.net.URL::getProtocol (5 bytes)
Event: 0.082 Thread 0x00007f51e00c9000 nmethod 20 0x00007f51d1111d10 code [0x00007f51d1111e60, 0x00007f51d1111f70]

GC Heap History (0 events):
No events

Deoptimization events (0 events):
No events

Classes redefined (0 events):
No events

Internal exceptions (2 events):
Event: 0.032 Thread 0x00007f51e000b800 Exception <a 'java/lang/NoSuchMethodError': Method sun.misc.Unsafe.defineClass(Ljava/lang/String;[BII)Ljava/lang/Class; name or signature does not match> (0x00000000d6f87cb0) thrown at [/HUDSON/workspace/8-2-build-linux-amd64/jdk8u181/11358/hotspot/src/sh
Event: 0.032 Thread 0x00007f51e000b800 Exception <a 'java/lang/NoSuchMethodError': Method sun.misc.Unsafe.prefetchRead(Ljava/lang/Object;J)V name or signature does not match> (0x00000000d6f87f98) thrown at [/HUDSON/workspace/8-2-build-linux-amd64/jdk8u181/11358/hotspot/src/share/vm/prims/jni.c

Events (10 events):
Event: 0.081 loading class java/lang/Void
Event: 0.081 loading class java/lang/Void done
Event: 0.081 loading class CIADatacenter$FastReader
Event: 0.081 loading class CIADatacenter$FastReader done
Event: 0.082 loading class java/io/IOException
Event: 0.082 loading class java/io/IOException done
Event: 4.080 Executing VM operation: EnableBiasedLocking
Event: 4.080 Executing VM operation: EnableBiasedLocking done
Event: 12.416 loading class java/util/concurrent/ConcurrentHashMap$ForwardingNode
Event: 12.416 loading class java/util/concurrent/ConcurrentHashMap$ForwardingNode done


Dynamic libraries:
00400000-00401000 r-xp 00000000 08:03 1718726                            /usr/lib/jvm/java-8-oracle/bin/java
00600000-00601000 rw-p 00000000 08:03 1718726                            /usr/lib/jvm/java-8-oracle/bin/java
021f3000-02214000 rw-p 00000000 00:00 0                                  [heap]
84e00000-8a100000 rw-p 00000000 00:00 0 
d6f80000-d9880000 rw-p 00000000 00:00 0 
d9880000-100000000 ---p 00000000 00:00 0 
100000000-100080000 rw-p 00000000 00:00 0 
100080000-140000000 ---p 00000000 00:00 0 
7f517c000000-7f517c021000 rw-p 00000000 00:00 0 
7f517c021000-7f5180000000 ---p 00000000 00:00 0 
7f5184000000-7f5184021000 rw-p 00000000 00:00 0 
7f5184021000-7f5188000000 ---p 00000000 00:00 0 
7f5188000000-7f5188021000 rw-p 00000000 00:00 0 
7f5188021000-7f518c000000 ---p 00000000 00:00 0 
7f518c000000-7f518c021000 rw-p 00000000 00:00 0 
7f518c021000-7f5190000000 ---p 00000000 00:00 0 
7f5190000000-7f5190021000 rw-p 00000000 00:00 0 
7f5190021000-7f5194000000 ---p 00000000 00:00 0 
7f5194000000-7f5194021000 rw-p 00000000 00:00 0 
7f5194021000-7f5198000000 ---p 00000000 00:00 0 
7f5198000000-7f5198066000 rw-p 00000000 00:00 0 
7f5198066000-7f519c000000 ---p 00000000 00:00 0 
7f519c000000-7f519c021000 rw-p 00000000 00:00 0 
7f519c021000-7f51a0000000 ---p 00000000 00:00 0 
7f51a0000000-7f51a0021000 rw-p 00000000 00:00 0 
7f51a0021000-7f51a4000000 ---p 00000000 00:00 0 
7f51a4000000-7f51a4021000 rw-p 00000000 00:00 0 
7f51a4021000-7f51a8000000 ---p 00000000 00:00 0 
7f51aa38a000-7f51aa615000 rw-p 00000000 00:00 0 
7f51aa615000-7f51aa616000 ---p 00000000 00:00 0 
7f51aa616000-7f51aa716000 rw-p 00000000 00:00 0 
7f51aa716000-7f51aa719000 ---p 00000000 00:00 0 
7f51aa719000-7f51aa817000 rw-p 00000000 00:00 0 
7f51aa817000-7f51aa818000 ---p 00000000 00:00 0 
7f51aa818000-7f51aa81b000 ---p 00000000 00:00 0 
7f51aa81b000-7f51aa918000 rw-p 00000000 00:00 0 
7f51aa918000-7f51aa919000 ---p 00000000 00:00 0 
7f51aa919000-7f51aa91c000 ---p 00000000 00:00 0 
7f51aa91c000-7f51aaa19000 rw-p 00000000 00:00 0 
7f51aaa19000-7f51aaa1a000 ---p 00000000 00:00 0 
7f51aaa1a000-7f51aaa1d000 ---p 00000000 00:00 0 
7f51aaa1d000-7f51aab1a000 rw-p 00000000 00:00 0 
7f51aab1a000-7f51aab1b000 ---p 00000000 00:00 0 
7f51aab1b000-7f51aab1e000 ---p 00000000 00:00 0 
7f51aab1e000-7f51aac1b000 rw-p 00000000 00:00 0 
7f51aac1b000-7f51aac1e000 ---p 00000000 00:00 0 
7f51aac1e000-7f51aad1c000 rw-p 00000000 00:00 0 
7f51aad1c000-7f51ab6f7000 r--p 00000000 08:03 1575295                    /usr/lib/locale/locale-archive
7f51ab6f7000-7f51ab6fa000 ---p 00000000 00:00 0 
7f51ab6fa000-7f51ab7f8000 rw-p 00000000 00:00 0 
7f51ab7f8000-7f51ab7fb000 ---p 00000000 00:00 0 
7f51ab7fb000-7f51ab8f9000 rw-p 00000000 00:00 0 
7f51ab8f9000-7f51ab8fa000 ---p 00000000 00:00 0 
7f51ab8fa000-7f51ac000000 rw-p 00000000 00:00 0 
7f51ac000000-7f51ac021000 rw-p 00000000 00:00 0 
7f51ac021000-7f51b0000000 ---p 00000000 00:00 0 
7f51b006e000-7f51b4000000 rw-p 00000000 00:00 0 
7f51b4000000-7f51b4021000 rw-p 00000000 00:00 0 
7f51b4021000-7f51b8000000 ---p 00000000 00:00 0 
7f51b8000000-7f51b8021000 rw-p 00000000 00:00 0 
7f51b8021000-7f51bc000000 ---p 00000000 00:00 0 
7f51bc000000-7f51bc021000 rw-p 00000000 00:00 0 
7f51bc021000-7f51c0000000 ---p 00000000 00:00 0 
7f51c0000000-7f51c0021000 rw-p 00000000 00:00 0 
7f51c0021000-7f51c4000000 ---p 00000000 00:00 0 
7f51c4000000-7f51c4021000 rw-p 00000000 00:00 0 
7f51c4021000-7f51c8000000 ---p 00000000 00:00 0 
7f51c8000000-7f51c8021000 rw-p 00000000 00:00 0 
7f51c8021000-7f51cc000000 ---p 00000000 00:00 0 
7f51cc000000-7f51cc021000 rw-p 00000000 00:00 0 
7f51cc021000-7f51d0000000 ---p 00000000 00:00 0 
7f51d008e000-7f51d1000000 rw-p 00000000 00:00 0 
7f51d1000000-7f51d1270000 rwxp 00000000 00:00 0 
7f51d1270000-7f51e0000000 ---p 00000000 00:00 0 
7f51e0000000-7f51e011a000 rw-p 00000000 00:00 0 
7f51e011a000-7f51e4000000 ---p 00000000 00:00 0 
7f51e4011000-7f51e4509000 rw-p 00000000 00:00 0 
7f51e4509000-7f51e46e3000 r--s 03d6b000 08:03 1720210                    /usr/lib/jvm/java-8-oracle/jre/lib/rt.jar
7f51e46e3000-7f51e4b99000 rw-p 00000000 00:00 0 
7f51e4b99000-7f51e4f59000 ---p 00000000 00:00 0 
7f51e4f59000-7f51e5332000 rw-p 00000000 00:00 0 
7f51e5332000-7f51e5333000 ---p 00000000 00:00 0 
7f51e5333000-7f51e5433000 rw-p 00000000 00:00 0 
7f51e5433000-7f51e5434000 ---p 00000000 00:00 0 
7f51e5434000-7f51e5534000 rw-p 00000000 00:00 0 
7f51e5534000-7f51e5535000 ---p 00000000 00:00 0 
7f51e5535000-7f51e5635000 rw-p 00000000 00:00 0 
7f51e5635000-7f51e5636000 ---p 00000000 00:00 0 
7f51e5636000-7f51e5736000 rw-p 00000000 00:00 0 
7f51e5736000-7f51e5737000 ---p 00000000 00:00 0 
7f51e5737000-7f51e5837000 rw-p 00000000 00:00 0 
7f51e5837000-7f51e5838000 ---p 00000000 00:00 0 
7f51e5838000-7f51e5938000 rw-p 00000000 00:00 0 
7f51e5938000-7f51e5939000 ---p 00000000 00:00 0 
7f51e5939000-7f51e5a39000 rw-p 00000000 00:00 0 
7f51e5a39000-7f51e5a3a000 ---p 00000000 00:00 0 
7f51e5a3a000-7f51e5b64000 rw-p 00000000 00:00 0 
7f51e5b64000-7f51e5dcb000 ---p 00000000 00:00 0 
7f51e5dcb000-7f51e5df5000 rw-p 00000000 00:00 0 
7f51e5df5000-7f51e605b000 ---p 00000000 00:00 0 
7f51e605b000-7f51e6071000 rw-p 00000000 00:00 0 
7f51e6071000-7f51e61a4000 ---p 00000000 00:00 0 
7f51e61a4000-7f51e61af000 rw-p 00000000 00:00 0 
7f51e61af000-7f51e6565000 ---p 00000000 00:00 0 
7f51e6565000-7f51e6580000 r-xp 00000000 08:03 1845930                    /usr/lib/jvm/java-8-oracle/jre/lib/amd64/libzip.so
7f51e6580000-7f51e6780000 ---p 0001b000 08:03 1845930                    /usr/lib/jvm/java-8-oracle/jre/lib/amd64/libzip.so
7f51e6780000-7f51e6781000 rw-p 0001b000 08:03 1845930                    /usr/lib/jvm/java-8-oracle/jre/lib/amd64/libzip.so
7f51e6781000-7f51e678c000 r-xp 00000000 08:03 1314019                    /lib/x86_64-linux-gnu/libnss_files-2.27.so
7f51e678c000-7f51e698b000 ---p 0000b000 08:03 1314019                    /lib/x86_64-linux-gnu/libnss_files-2.27.so
7f51e698b000-7f51e698c000 r--p 0000a000 08:03 1314019                    /lib/x86_64-linux-gnu/libnss_files-2.27.so
7f51e698c000-7f51e698d000 rw-p 0000b000 08:03 1314019                    /lib/x86_64-linux-gnu/libnss_files-2.27.so
7f51e698d000-7f51e6993000 rw-p 00000000 00:00 0 
7f51e6993000-7f51e69aa000 r-xp 00000000 08:03 1314013                    /lib/x86_64-linux-gnu/libnsl-2.27.so
7f51e69aa000-7f51e6ba9000 ---p 00017000 08:03 1314013                    /lib/x86_64-linux-gnu/libnsl-2.27.so
7f51e6ba9000-7f51e6baa000 r--p 00016000 08:03 1314013                    /lib/x86_64-linux-gnu/libnsl-2.27.so
7f51e6baa000-7f51e6bab000 rw-p 00017000 08:03 1314013                    /lib/x86_64-linux-gnu/libnsl-2.27.so
7f51e6bab000-7f51e6bad000 rw-p 00000000 00:00 0 
7f51e6bad000-7f51e6bb8000 r-xp 00000000 08:03 1314030                    /lib/x86_64-linux-gnu/libnss_nis-2.27.so
7f51e6bb8000-7f51e6db7000 ---p 0000b000 08:03 1314030                    /lib/x86_64-linux-gnu/libnss_nis-2.27.so
7f51e6db7000-7f51e6db8000 r--p 0000a000 08:03 1314030                    /lib/x86_64-linux-gnu/libnss_nis-2.27.so
7f51e6db8000-7f51e6db9000 rw-p 0000b000 08:03 1314030                    /lib/x86_64-linux-gnu/libnss_nis-2.27.so
7f51e6db9000-7f51e6dc1000 r-xp 00000000 08:03 1314015                    /lib/x86_64-linux-gnu/libnss_compat-2.27.so
7f51e6dc1000-7f51e6fc1000 ---p 00008000 08:03 1314015                    /lib/x86_64-linux-gnu/libnss_compat-2.27.so
7f51e6fc1000-7f51e6fc2000 r--p 00008000 08:03 1314015                    /lib/x86_64-linux-gnu/libnss_compat-2.27.so
7f51e6fc2000-7f51e6fc3000 rw-p 00009000 08:03 1314015                    /lib/x86_64-linux-gnu/libnss_compat-2.27.so
7f51e6fc3000-7f51e6fee000 r-xp 00000000 08:03 1845924                    /usr/lib/jvm/java-8-oracle/jre/lib/amd64/libjava.so
7f51e6fee000-7f51e71ed000 ---p 0002b000 08:03 1845924                    /usr/lib/jvm/java-8-oracle/jre/lib/amd64/libjava.so
7f51e71ed000-7f51e71ef000 rw-p 0002a000 08:03 1845924                    /usr/lib/jvm/java-8-oracle/jre/lib/amd64/libjava.so
7f51e71ef000-7f51e71fc000 r-xp 00000000 08:03 1845929                    /usr/lib/jvm/java-8-oracle/jre/lib/amd64/libverify.so
7f51e71fc000-7f51e73fc000 ---p 0000d000 08:03 1845929                    /usr/lib/jvm/java-8-oracle/jre/lib/amd64/libverify.so
7f51e73fc000-7f51e73fe000 rw-p 0000d000 08:03 1845929                    /usr/lib/jvm/java-8-oracle/jre/lib/amd64/libverify.so
7f51e73fe000-7f51e7405000 r-xp 00000000 08:03 1314070                    /lib/x86_64-linux-gnu/librt-2.27.so
7f51e7405000-7f51e7604000 ---p 00007000 08:03 1314070                    /lib/x86_64-linux-gnu/librt-2.27.so
7f51e7604000-7f51e7605000 r--p 00006000 08:03 1314070                    /lib/x86_64-linux-gnu/librt-2.27.so
7f51e7605000-7f51e7606000 rw-p 00007000 08:03 1314070                    /lib/x86_64-linux-gnu/librt-2.27.so
7f51e7606000-7f51e77a3000 r-xp 00000000 08:03 1313992                    /lib/x86_64-linux-gnu/libm-2.27.so
7f51e77a3000-7f51e79a2000 ---p 0019d000 08:03 1313992                    /lib/x86_64-linux-gnu/libm-2.27.so
7f51e79a2000-7f51e79a3000 r--p 0019c000 08:03 1313992                    /lib/x86_64-linux-gnu/libm-2.27.so
7f51e79a3000-7f51e79a4000 rw-p 0019d000 08:03 1313992                    /lib/x86_64-linux-gnu/libm-2.27.so
7f51e79a4000-7f51e8680000 r-xp 00000000 08:03 1845906                    /usr/lib/jvm/java-8-oracle/jre/lib/amd64/server/libjvm.so
7f51e8680000-7f51e8880000 ---p 00cdc000 08:03 1845906                    /usr/lib/jvm/java-8-oracle/jre/lib/amd64/server/libjvm.so
7f51e8880000-7f51e895a000 rw-p 00cdc000 08:03 1845906                    /usr/lib/jvm/java-8-oracle/jre/lib/amd64/server/libjvm.so
7f51e895a000-7f51e89a5000 rw-p 00000000 00:00 0 
7f51e89a5000-7f51e8b8c000 r-xp 00000000 08:03 1313929                    /lib/x86_64-linux-gnu/libc-2.27.so
7f51e8b8c000-7f51e8d8c000 ---p 001e7000 08:03 1313929                    /lib/x86_64-linux-gnu/libc-2.27.so
7f51e8d8c000-7f51e8d90000 r--p 001e7000 08:03 1313929                    /lib/x86_64-linux-gnu/libc-2.27.so
7f51e8d90000-7f51e8d92000 rw-p 001eb000 08:03 1313929                    /lib/x86_64-linux-gnu/libc-2.27.so
7f51e8d92000-7f51e8d96000 rw-p 00000000 00:00 0 
7f51e8d96000-7f51e8d99000 r-xp 00000000 08:03 1313952                    /lib/x86_64-linux-gnu/libdl-2.27.so
7f51e8d99000-7f51e8f98000 ---p 00003000 08:03 1313952                    /lib/x86_64-linux-gnu/libdl-2.27.so
7f51e8f98000-7f51e8f99000 r--p 00002000 08:03 1313952                    /lib/x86_64-linux-gnu/libdl-2.27.so
7f51e8f99000-7f51e8f9a000 rw-p 00003000 08:03 1313952                    /lib/x86_64-linux-gnu/libdl-2.27.so
7f51e8f9a000-7f51e8fb0000 r-xp 00000000 08:03 1719402                    /usr/lib/jvm/java-8-oracle/lib/amd64/jli/libjli.so
7f51e8fb0000-7f51e91af000 ---p 00016000 08:03 1719402                    /usr/lib/jvm/java-8-oracle/lib/amd64/jli/libjli.so
7f51e91af000-7f51e91b0000 rw-p 00015000 08:03 1719402                    /usr/lib/jvm/java-8-oracle/lib/amd64/jli/libjli.so
7f51e91b0000-7f51e91ca000 r-xp 00000000 08:03 1314062                    /lib/x86_64-linux-gnu/libpthread-2.27.so
7f51e91ca000-7f51e93c9000 ---p 0001a000 08:03 1314062                    /lib/x86_64-linux-gnu/libpthread-2.27.so
7f51e93c9000-7f51e93ca000 r--p 00019000 08:03 1314062                    /lib/x86_64-linux-gnu/libpthread-2.27.so
7f51e93ca000-7f51e93cb000 rw-p 0001a000 08:03 1314062                    /lib/x86_64-linux-gnu/libpthread-2.27.so
7f51e93cb000-7f51e93cf000 rw-p 00000000 00:00 0 
7f51e93cf000-7f51e93f6000 r-xp 00000000 08:03 1313901                    /lib/x86_64-linux-gnu/ld-2.27.so
7f51e93f7000-7f51e93fc000 r--s 00084000 08:03 1720147                    /usr/lib/jvm/java-8-oracle/jre/lib/jfr.jar
7f51e93fc000-7f51e9401000 r--s 002f9000 08:03 1720208                    /usr/lib/jvm/java-8-oracle/jre/lib/charsets.jar
7f51e9401000-7f51e9404000 r--s 0001a000 08:03 1720226                    /usr/lib/jvm/java-8-oracle/jre/lib/jce.jar
7f51e9404000-7f51e9409000 r--s 0009d000 08:03 1720220                    /usr/lib/jvm/java-8-oracle/jre/lib/jsse.jar
7f51e9409000-7f51e94d4000 rw-p 00000000 00:00 0 
7f51e94d4000-7f51e94d5000 ---p 00000000 00:00 0 
7f51e94d5000-7f51e94d8000 ---p 00000000 00:00 0 
7f51e94d8000-7f51e95d9000 rw-p 00000000 00:00 0 
7f51e95d9000-7f51e95ec000 r--s 00345000 08:03 1720219                    /usr/lib/jvm/java-8-oracle/jre/lib/resources.jar
7f51e95ec000-7f51e95f4000 rw-s 00000000 08:03 523267                     /tmp/hsperfdata_fronky/22988
7f51e95f4000-7f51e95f5000 rw-p 00000000 00:00 0 
7f51e95f5000-7f51e95f6000 r--p 00000000 00:00 0 
7f51e95f6000-7f51e95f7000 r--p 00027000 08:03 1313901                    /lib/x86_64-linux-gnu/ld-2.27.so
7f51e95f7000-7f51e95f8000 rw-p 00028000 08:03 1313901                    /lib/x86_64-linux-gnu/ld-2.27.so
7f51e95f8000-7f51e95f9000 rw-p 00000000 00:00 0 
7ffca7f8f000-7ffca7fb0000 rw-p 00000000 00:00 0                          [stack]
7ffca7fe2000-7ffca7fe5000 r--p 00000000 00:00 0                          [vvar]
7ffca7fe5000-7ffca7fe7000 r-xp 00000000 00:00 0                          [vdso]
ffffffffff600000-ffffffffff601000 r-xp 00000000 00:00 0                  [vsyscall]

VM Arguments:
jvm_args: -Dfile.encoding=UTF-8 
java_command: CIADatacenter
java_class_path (initial): /usr/lib/jvm/java-8-oracle/jre/lib/resources.jar:/usr/lib/jvm/java-8-oracle/jre/lib/rt.jar:/usr/lib/jvm/java-8-oracle/jre/lib/jsse.jar:/usr/lib/jvm/java-8-oracle/jre/lib/jce.jar:/usr/lib/jvm/java-8-oracle/jre/lib/charsets.jar:/usr/lib/jvm/java-8-oracle/jre/lib/jfr.jar:/usr/lib/jvm/java-8-oracle/jre/lib/ext/jfxrt.jar:/usr/lib/jvm/java-8-oracle/jre/lib/ext/nashorn.jar:/usr/lib/jvm/java-8-oracle/jre/lib/ext/cldrdata.jar:/usr/lib/jvm/java-8-oracle/jre/lib/ext/localedata.jar:/usr/lib/jvm/java-8-oracle/jre/lib/ext/sunec.jar:/usr/lib/jvm/java-8-oracle/jre/lib/ext/sunjce_provider.jar:/usr/lib/jvm/java-8-oracle/jre/lib/ext/zipfs.jar:/usr/lib/jvm/java-8-oracle/jre/lib/ext/dnsns.jar:/usr/lib/jvm/java-8-oracle/jre/lib/ext/jaccess.jar:/usr/lib/jvm/java-8-oracle/jre/lib/ext/sunpkcs11.jar:/home/fronky/eclipse-workspace/Week2/bin
Launcher Type: SUN_STANDARD

Environment Variables:
JAVA_HOME=/usr/lib/jvm/java-8-oracle
PATH=/usr/local/sbin:/usr/local/bin:/usr/sbin:/usr/bin:/sbin:/bin:/usr/games:/usr/local/games:/snap/bin:/usr/lib/jvm/java-8-oracle/bin:/usr/lib/jvm/java-8-oracle/db/bin:/usr/lib/jvm/java-8-oracle/jre/bin
USERNAME=fronky
SHELL=/usr/bin/zsh
DISPLAY=:0

Signal Handlers:
SIGSEGV: [libjvm.so+0xad2a40], sa_mask[0]=11111111011111111101111111111110, sa_flags=SA_RESTART|SA_SIGINFO
SIGBUS: [libjvm.so+0xad2a40], sa_mask[0]=11111111011111111101111111111110, sa_flags=SA_RESTART|SA_SIGINFO
SIGFPE: [libjvm.so+0x92a610], sa_mask[0]=11111111011111111101111111111110, sa_flags=SA_RESTART|SA_SIGINFO
SIGPIPE: [libjvm.so+0x92a610], sa_mask[0]=11111111011111111101111111111110, sa_flags=SA_RESTART|SA_SIGINFO
SIGXFSZ: [libjvm.so+0x92a610], sa_mask[0]=11111111011111111101111111111110, sa_flags=SA_RESTART|SA_SIGINFO
SIGILL: [libjvm.so+0x92a610], sa_mask[0]=11111111011111111101111111111110, sa_flags=SA_RESTART|SA_SIGINFO
SIGUSR1: SIG_DFL, sa_mask[0]=00000000000000000000000000000000, sa_flags=none
SIGUSR2: [libjvm.so+0x92be70], sa_mask[0]=00100000000000000000000000000000, sa_flags=SA_RESTART|SA_SIGINFO
SIGHUP: [libjvm.so+0x92d270], sa_mask[0]=11111111011111111101111111111110, sa_flags=SA_RESTART|SA_SIGINFO
SIGINT: [libjvm.so+0x92d270], sa_mask[0]=11111111011111111101111111111110, sa_flags=SA_RESTART|SA_SIGINFO
SIGTERM: [libjvm.so+0x92d270], sa_mask[0]=11111111011111111101111111111110, sa_flags=SA_RESTART|SA_SIGINFO
SIGQUIT: [libjvm.so+0x92d270], sa_mask[0]=11111111011111111101111111111110, sa_flags=SA_RESTART|SA_SIGINFO


---------------  S Y S T E M  ---------------

OS:DISTRIB_ID=Ubuntu
DISTRIB_RELEASE=18.04
DISTRIB_CODENAME=bionic
DISTRIB_DESCRIPTION="Ubuntu 18.04.1 LTS"

uname:Linux 4.15.0-32-generic #35-Ubuntu SMP Fri Aug 10 17:58:07 UTC 2018 x86_64
libc:glibc 2.27 NPTL 2.27 
rlimit: STACK 8192k, CORE 0k, NPROC 30895, NOFILE 4096, AS infinity
load average:0.56 0.59 0.97

/proc/meminfo:
MemTotal:        8063408 kB
MemFree:          297512 kB
MemAvailable:     402456 kB
Buffers:           16104 kB
Cached:          1418144 kB
SwapCached:        18040 kB
Active:          6253788 kB
Inactive:        1117236 kB
Active(anon):    6088832 kB
Inactive(anon):   980236 kB
Active(file):     164956 kB
Inactive(file):   137000 kB
Unevictable:         224 kB
Mlocked:             224 kB
SwapTotal:       1852220 kB
SwapFree:          13336 kB
Dirty:               916 kB
Writeback:             0 kB
AnonPages:       5919392 kB
Mapped:           499572 kB
Shmem:           1132076 kB
Slab:             152772 kB
SReclaimable:      57416 kB
SUnreclaim:        95356 kB
KernelStack:       22672 kB
PageTables:        99788 kB
NFS_Unstable:          0 kB
Bounce:                0 kB
WritebackTmp:          0 kB
CommitLimit:     5883924 kB
Committed_AS:   18757708 kB
VmallocTotal:   34359738367 kB
VmallocUsed:           0 kB
VmallocChunk:          0 kB
HardwareCorrupted:     0 kB
AnonHugePages:         0 kB
ShmemHugePages:        0 kB
ShmemPmdMapped:        0 kB
CmaTotal:              0 kB
CmaFree:               0 kB
HugePages_Total:       0
HugePages_Free:        0
HugePages_Rsvd:        0
HugePages_Surp:        0
Hugepagesize:       2048 kB
DirectMap4k:      490392 kB
DirectMap2M:     7794688 kB
DirectMap1G:     1048576 kB


CPU:total 8 (initial active 8) (4 cores per cpu, 2 threads per core) family 6 model 94 stepping 3, cmov, cx8, fxsr, mmx, sse, sse2, sse3, ssse3, sse4.1, sse4.2, popcnt, avx, avx2, aes, clmul, erms, rtm, 3dnowpref, lzcnt, ht, tsc, tscinvbit, bmi1, bmi2, adx

/proc/cpuinfo:
processor	: 0
vendor_id	: GenuineIntel
cpu family	: 6
model		: 94
model name	: Intel(R) Core(TM) i7-6700HQ CPU @ 2.60GHz
stepping	: 3
microcode	: 0xc2
cpu MHz		: 800.106
cache size	: 6144 KB
physical id	: 0
siblings	: 8
core id		: 0
cpu cores	: 4
apicid		: 0
initial apicid	: 0
fpu		: yes
fpu_exception	: yes
cpuid level	: 22
wp		: yes
flags		: fpu vme de pse tsc msr pae mce cx8 apic sep mtrr pge mca cmov pat pse36 clflush dts acpi mmx fxsr sse sse2 ss ht tm pbe syscall nx pdpe1gb rdtscp lm constant_tsc art arch_perfmon pebs bts rep_good nopl xtopology nonstop_tsc cpuid aperfmperf tsc_known_freq pni pclmulqdq dtes64 monitor ds_cpl vmx est tm2 ssse3 sdbg fma cx16 xtpr pdcm pcid sse4_1 sse4_2 x2apic movbe popcnt tsc_deadline_timer aes xsave avx f16c rdrand lahf_lm abm 3dnowprefetch cpuid_fault epb invpcid_single pti ibrs ibpb stibp tpr_shadow vnmi flexpriority ept vpid fsgsbase tsc_adjust bmi1 hle avx2 smep bmi2 erms invpcid rtm mpx rdseed adx smap clflushopt intel_pt xsaveopt xsavec xgetbv1 xsaves dtherm ida arat pln pts hwp hwp_notify hwp_act_window hwp_epp
bugs		: cpu_meltdown spectre_v1 spectre_v2 spec_store_bypass l1tf
bogomips	: 5184.00
clflush size	: 64
cache_alignment	: 64
address sizes	: 39 bits physical, 48 bits virtual
power management:

processor	: 1
vendor_id	: GenuineIntel
cpu family	: 6
model		: 94
model name	: Intel(R) Core(TM) i7-6700HQ CPU @ 2.60GHz
stepping	: 3
microcode	: 0xc2
cpu MHz		: 800.123
cache size	: 6144 KB
physical id	: 0
siblings	: 8
core id		: 1
cpu cores	: 36
apicid		: 2
initial apicid	: 2
fpu		: yes
fpu_exception	: yes
cpuid level	: 22
wp		: yes
flags		: fpu vme de pse tsc msr pae mce cx8 apic sep mtrr pge mca cmov pat pse36 clflush dts acpi mmx fxsr sse sse2 ss ht tm pbe syscall nx pdpe1gb rdtscp lm constant_tsc art arch_perfmon pebs bts rep_good nopl xtopology nonstop_tsc cpuid aperfmperf tsc_known_freq pni pclmulqdq dtes64 monitor ds_cpl vmx est tm2 ssse3 sdbg fma cx16 xtpr pdcm pcid sse4_1 sse4_2 x2apic movbe popcnt tsc_deadline_timer aes xsave avx f16c rdrand lahf_lm abm 3dnowprefetch cpuid_fault epb invpcid_single pti ibrs ibpb stibp tpr_shadow vnmi flexpriority ept vpid fsgsbase tsc_adjust bmi1 hle avx2 smep bmi2 erms invpcid rtm mpx rdseed adx smap clflushopt intel_pt xsaveopt xsavec xgetbv1 xsaves dtherm ida arat pln pts hwp hwp_notify hwp_act_window hwp_epp
bugs		: cpu_meltdown spectre_v1 spectre_v2 spec_store_bypass l1tf
bogomips	: 5184.00
clflush size	: 64
cache_alignment	: 64
address sizes	: 39 bits physical, 48 bits virtual
power management:

processor	: 2
vendor_id	: GenuineIntel
cpu family	: 6
model		: 94
model name	: Intel(R) Core(TM) i7-6700HQ CPU @ 2.60GHz
stepping	: 3
microcode	: 0xc2
cpu MHz		: 800.043
cache size	: 6144 KB
physical id	: 0
siblings	: 8
core id		: 2
cpu cores	: 36
apicid		: 4
initial apicid	: 4
fpu		: yes
fpu_exception	: yes
cpuid level	: 22
wp		: yes
flags		: fpu vme de pse tsc msr pae mce cx8 apic sep mtrr pge mca cmov pat pse36 clflush dts acpi mmx fxsr sse sse2 ss ht tm pbe syscall nx pdpe1gb rdtscp lm constant_tsc art arch_perfmon pebs bts rep_good nopl xtopology nonstop_tsc cpuid aperfmperf tsc_known_freq pni pclmulqdq dtes64 monitor ds_cpl vmx est tm2 ssse3 sdbg fma cx16 xtpr pdcm pcid sse4_1 sse4_2 x2apic movbe popcnt tsc_deadline_timer aes xsave avx f16c rdrand lahf_lm abm 3dnowprefetch cpuid_fault epb invpcid_single pti ibrs ibpb stibp tpr_shadow vnmi flexpriority ept vpid fsgsbase tsc_adjust bmi1 hle avx2 smep bmi2 erms invpcid rtm mpx rdseed adx smap clflushopt intel_pt xsaveopt xsavec xgetbv1 xsaves dtherm ida arat pln pts hwp hwp_notify hwp_act_window hwp_epp
bugs		: cpu_meltdown spectre_v1 spectre_v2 spec_store_bypass l1tf
bogomips	: 5184.00
clflush size	: 64
cache_alignment	: 64
address sizes	: 39 bits physical, 48 bits virtual
power management:

processor	: 3
vendor_id	: GenuineIntel
cpu family	: 6
model		: 94
model name	: Intel(R) Core(TM) i7-6700HQ CPU @ 2.60GHz
stepping	: 3
microcode	: 0xc2
cpu MHz		: 800.013
cache size	: 6144 KB
physical id	: 0
siblings	: 8
core id		: 3
cpu cores	: 36
apicid		: 6
initial apicid	: 6
fpu		: yes
fpu_exception	: yes
cpuid level	: 22
wp		: yes
flags		: fpu vme de pse tsc msr pae mce cx8 apic sep mtrr pge mca cmov pat pse36 clflush dts acpi mmx fxsr sse sse2 ss ht tm pbe syscall nx pdpe1gb rdtscp lm constant_tsc art arch_perfmon pebs bts rep_good nopl xtopology nonstop_tsc cpuid aperfmperf tsc_known_freq pni pclmulqdq dtes64 monitor ds_cpl vmx est tm2 ssse3 sdbg fma cx16 xtpr pdcm pcid sse4_1 sse4_2 x2apic movbe popcnt tsc_deadline_timer aes xsave avx f16c rdrand lahf_lm abm 3dnowprefetch cpuid_fault epb invpcid_single pti ibrs ibpb stibp tpr_shadow vnmi flexpriority ept vpid fsgsbase tsc_adjust bmi1 hle avx2 smep bmi2 erms invpcid rtm mpx rdseed adx smap clflushopt intel_pt xsaveopt xsavec xgetbv1 xsaves dtherm ida arat pln pts hwp hwp_notify hwp_act_window hwp_epp
bugs		: cpu_meltdown spectre_v1 spectre_v2 spec_store_bypass l1tf
bogomips	: 5184.00
clflush size	: 64
cache_alignment	: 64
address sizes	: 39 bits physical, 48 bits virtual
power management:

processor	: 4
vendor_id	: GenuineIntel
cpu family	: 6
model		: 94
model name	: Intel(R) Core(TM) i7-6700HQ CPU @ 2.60GHz
stepping	: 3
microcode	: 0xc2
cpu MHz		: 800.083
cache size	: 6144 KB
physical id	: 0
siblings	: 8
core id		: 0
cpu cores	: 4
apicid		: 1
initial apicid	: 1
fpu		: yes
fpu_exception	: yes
cpuid level	: 22
wp		: yes
flags		: fpu vme de pse tsc msr pae mce cx8 apic sep mtrr pge mca cmov pat pse36 clflush dts acpi mmx fxsr sse sse2 ss ht tm pbe syscall nx pdpe1gb rdtscp lm constant_tsc art arch_perfmon pebs bts rep_good nopl xtopology nonstop_tsc cpuid aperfmperf tsc_known_freq pni pclmulqdq dtes64 monitor ds_cpl vmx est tm2 ssse3 sdbg fma cx16 xtpr pdcm pcid sse4_1 sse4_2 x2apic movbe popcnt tsc_deadline_timer aes xsave avx f16c rdrand lahf_lm abm 3dnowprefetch cpuid_fault epb invpcid_single pti ibrs ibpb stibp tpr_shadow vnmi flexpriority ept vpid fsgsbase tsc_adjust bmi1 hle avx2 smep bmi2 erms invpcid rtm mpx rdseed adx smap clflushopt intel_pt xsaveopt xsavec xgetbv1 xsaves dtherm ida arat pln pts hwp hwp_notify hwp_act_window hwp_epp
bugs		: cpu_meltdown spectre_v1 spectre_v2 spec_store_bypass l1tf
bogomips	: 5184.00
clflush size	: 64
cache_alignment	: 64
address sizes	: 39 bits physical, 48 bits virtual
power management:

processor	: 5
vendor_id	: GenuineIntel
cpu family	: 6
model		: 94
model name	: Intel(R) Core(TM) i7-6700HQ CPU @ 2.60GHz
stepping	: 3
microcode	: 0xc2
cpu MHz		: 800.019
cache size	: 6144 KB
physical id	: 0
siblings	: 8
core id		: 1
cpu cores	: 4
apicid		: 3
initial apicid	: 3
fpu		: yes
fpu_exception	: yes
cpuid level	: 22
wp		: yes
flags		: fpu vme de pse tsc msr pae mce cx8 apic sep mtrr pge mca cmov pat pse36 clflush dts acpi mmx fxsr sse sse2 ss ht tm pbe syscall nx pdpe1gb rdtscp lm constant_tsc art arch_perfmon pebs bts rep_good nopl xtopology nonstop_tsc cpuid aperfmperf tsc_known_freq pni pclmulqdq dtes64 monitor ds_cpl vmx est tm2 ssse3 sdbg fma cx16 xtpr pdcm pcid sse4_1 sse4_2 x2apic movbe popcnt tsc_deadline_timer aes xsave avx f16c rdrand lahf_lm abm 3dnowprefetch cpuid_fault epb invpcid_single pti ibrs ibpb stibp tpr_shadow vnmi flexpriority ept vpid fsgsbase tsc_adjust bmi1 hle avx2 smep bmi2 erms invpcid rtm mpx rdseed adx smap clflushopt intel_pt xsaveopt xsavec xgetbv1 xsaves dtherm ida arat pln pts hwp hwp_notify hwp_act_window hwp_epp
bugs		: cpu_meltdown spectre_v1 spectre_v2 spec_store_bypass l1tf
bogomips	: 5184.00
clflush size	: 64
cache_alignment	: 64
address sizes	: 39 bits physical, 48 bits virtual
power management:

processor	: 6
vendor_id	: GenuineIntel
cpu family	: 6
model		: 94
model name	: Intel(R) Core(TM) i7-6700HQ CPU @ 2.60GHz
stepping	: 3
microcode	: 0xc2
cpu MHz		: 800.057
cache size	: 6144 KB
physical id	: 0
siblings	: 8
core id		: 2
cpu cores	: 4
apicid		: 5
initial apicid	: 5
fpu		: yes
fpu_exception	: yes
cpuid level	: 22
wp		: yes
flags		: fpu vme de pse tsc msr pae mce cx8 apic sep mtrr pge mca cmov pat pse36 clflush dts acpi mmx fxsr sse sse2 ss ht tm pbe syscall nx pdpe1gb rdtscp lm constant_tsc art arch_perfmon pebs bts rep_good nopl xtopology nonstop_tsc cpuid aperfmperf tsc_known_freq pni pclmulqdq dtes64 monitor ds_cpl vmx est tm2 ssse3 sdbg fma cx16 xtpr pdcm pcid sse4_1 sse4_2 x2apic movbe popcnt tsc_deadline_timer aes xsave avx f16c rdrand lahf_lm abm 3dnowprefetch cpuid_fault epb invpcid_single pti ibrs ibpb stibp tpr_shadow vnmi flexpriority ept vpid fsgsbase tsc_adjust bmi1 hle avx2 smep bmi2 erms invpcid rtm mpx rdseed adx smap clflushopt intel_pt xsaveopt xsavec xgetbv1 xsaves dtherm ida arat pln pts hwp hwp_notify hwp_act_window hwp_epp
bugs		: cpu_meltdown spectre_v1 spectre_v2 spec_store_bypass l1tf
bogomips	: 5184.00
clflush size	: 64
cache_alignment	: 64
address sizes	: 39 bits physical, 48 bits virtual
power management:

processor	: 7
vendor_id	: GenuineIntel
cpu family	: 6
model		: 94
model name	: Intel(R) Core(TM) i7-6700HQ CPU @ 2.60GHz
stepping	: 3
microcode	: 0xc2
cpu MHz		: 800.077
cache size	: 6144 KB
physical id	: 0
siblings	: 8
core id		: 3
cpu cores	: 65516
apicid		: 7
initial apicid	: 7
fpu		: yes
fpu_exception	: yes
cpuid level	: 22
wp		: yes
flags		: fpu vme de pse tsc msr pae mce cx8 apic sep mtrr pge mca cmov pat pse36 clflush dts acpi mmx fxsr sse sse2 ss ht tm pbe syscall nx pdpe1gb rdtscp lm constant_tsc art arch_perfmon pebs bts rep_good nopl xtopology nonstop_tsc cpuid aperfmperf tsc_known_freq pni pclmulqdq dtes64 monitor ds_cpl vmx est tm2 ssse3 sdbg fma cx16 xtpr pdcm pcid sse4_1 sse4_2 x2apic movbe popcnt tsc_deadline_timer aes xsave avx f16c rdrand lahf_lm abm 3dnowprefetch cpuid_fault epb invpcid_single pti ibrs ibpb stibp tpr_shadow vnmi flexpriority ept vpid fsgsbase tsc_adjust bmi1 hle avx2 smep bmi2 erms invpcid rtm mpx rdseed adx smap clflushopt intel_pt xsaveopt xsavec xgetbv1 xsaves dtherm ida arat pln pts hwp hwp_notify hwp_act_window hwp_epp
bugs		: cpu_meltdown spectre_v1 spectre_v2 spec_store_bypass l1tf
bogomips	: 5184.00
clflush size	: 64
cache_alignment	: 64
address sizes	: 39 bits physical, 48 bits virtual
power management:



Memory: 4k page, physical 8063408k(297740k free), swap 1852220k(13336k free)

vm_info: Java HotSpot(TM) 64-Bit Server VM (25.181-b13) for linux-amd64 JRE (1.8.0_181-b13), built on Jul  7 2018 00:56:38 by "java_re" with gcc 4.3.0 20080428 (Red Hat 4.3.0-8)

time: Thu Aug 23 07:00:48 2018
elapsed time: 12 seconds (0d 0h 0m 12s)

