#
# There is insufficient memory for the Java Runtime Environment to continue.
# Native memory allocation (mmap) failed to map 1290272768 bytes for committing reserved memory.
# Possible reasons:
#   The system is out of physical RAM or swap space
#   In 32 bit mode, the process size limit was hit
# Possible solutions:
#   Reduce memory load on the system
#   Increase physical memory or swap space
#   Check if swap backing store is full
#   Use 64 bit Java on a 64 bit OS
#   Decrease Java heap size (-Xmx/-Xms)
#   Decrease number of Java threads
#   Decrease Java thread stack sizes (-Xss)
#   Set larger code cache with -XX:ReservedCodeCacheSize=
# This output file may be truncated or incomplete.
#
#  Out of Memory Error (os_linux.cpp:2640), pid=29543, tid=0x00007f5b2312b700
#
# JRE version: Java(TM) SE Runtime Environment (8.0_181-b13) (build 1.8.0_181-b13)
# Java VM: Java HotSpot(TM) 64-Bit Server VM (25.181-b13 mixed mode linux-amd64 compressed oops)
# Failed to write core dump. Core dumps have been disabled. To enable core dumping, try "ulimit -c unlimited" before starting Java again
#

---------------  T H R E A D  ---------------

Current thread (0x00007f5b1c00b800):  JavaThread "main" [_thread_in_vm, id=29549, stack(0x00007f5b2302c000,0x00007f5b2312c000)]

Stack: [0x00007f5b2302c000,0x00007f5b2312c000],  sp=0x00007f5b2312a140,  free space=1016k
Native frames: (J=compiled Java code, j=interpreted, Vv=VM code, C=native code)
V  [libjvm.so+0xad21aa]  VMError::report_and_die()+0x2ba
V  [libjvm.so+0x5022db]  report_vm_out_of_memory(char const*, int, unsigned long, VMErrorType, char const*)+0x8b
V  [libjvm.so+0x92fe33]  os::Linux::commit_memory_impl(char*, unsigned long, bool)+0x123
V  [libjvm.so+0x930059]  os::pd_commit_memory(char*, unsigned long, unsigned long, bool)+0x29
V  [libjvm.so+0x9272ba]  os::commit_memory(char*, unsigned long, unsigned long, bool)+0x2a
V  [libjvm.so+0x99d2e3]  PSVirtualSpace::expand_by(unsigned long)+0x53
V  [libjvm.so+0x98d969]  PSOldGen::expand_by(unsigned long)+0x49
V  [libjvm.so+0x98dbd5]  PSOldGen::expand(unsigned long)+0x1a5
V  [libjvm.so+0x98de5a]  PSOldGen::expand_and_allocate(unsigned long)+0x1a
V  [libjvm.so+0x98df7b]  PSOldGen::allocate(unsigned long)+0xcb
V  [libjvm.so+0x951a1e]  ParallelScavengeHeap::mem_allocate(unsigned long, bool*)+0xfe
V  [libjvm.so+0xa9790e]  TypeArrayKlass::allocate_common(int, bool, Thread*)+0x26e
V  [libjvm.so+0x68afba]  InterpreterRuntime::newarray(JavaThread*, BasicType, int)+0x2a
j  CIADatacenter.check(IIIII)Z+72
j  CIADatacenter.bSearch(IIIIII)I+23
j  CIADatacenter.main([Ljava/lang/String;)V+132
v  ~StubRoutines::call_stub
V  [libjvm.so+0x697a76]  JavaCalls::call_helper(JavaValue*, methodHandle*, JavaCallArguments*, Thread*)+0x1056
V  [libjvm.so+0x6d91c2]  jni_invoke_static(JNIEnv_*, JavaValue*, _jobject*, JNICallType, _jmethodID*, JNI_ArgumentPusher*, Thread*)+0x362
V  [libjvm.so+0x6f5a2a]  jni_CallStaticVoidMethod+0x17a
C  [libjli.so+0x80ff]  JavaMain+0x81f
C  [libpthread.so.0+0x76db]  start_thread+0xdb

Java frames: (J=compiled Java code, j=interpreted, Vv=VM code)
j  CIADatacenter.check(IIIII)Z+72
j  CIADatacenter.bSearch(IIIIII)I+23
j  CIADatacenter.main([Ljava/lang/String;)V+132
v  ~StubRoutines::call_stub

---------------  P R O C E S S  ---------------

Java Threads: ( => current thread )
  0x00007f5b1c0d4000 JavaThread "Service Thread" daemon [_thread_blocked, id=29566, stack(0x00007f5ae435a000,0x00007f5ae445b000)]
  0x00007f5b1c0c9000 JavaThread "C1 CompilerThread3" daemon [_thread_blocked, id=29565, stack(0x00007f5ae445c000,0x00007f5ae455c000)]
  0x00007f5b1c0c6800 JavaThread "C2 CompilerThread2" daemon [_thread_blocked, id=29564, stack(0x00007f5ae455d000,0x00007f5ae465d000)]
  0x00007f5b1c0c5000 JavaThread "C2 CompilerThread1" daemon [_thread_blocked, id=29563, stack(0x00007f5ae465e000,0x00007f5ae475e000)]
  0x00007f5b1c0c2000 JavaThread "C2 CompilerThread0" daemon [_thread_blocked, id=29562, stack(0x00007f5ae475f000,0x00007f5ae485f000)]
  0x00007f5b1c0c0800 JavaThread "Signal Dispatcher" daemon [_thread_blocked, id=29561, stack(0x00007f5ae485f000,0x00007f5ae4960000)]
  0x00007f5b1c08e000 JavaThread "Finalizer" daemon [_thread_blocked, id=29560, stack(0x00007f5ae533b000,0x00007f5ae543c000)]
  0x00007f5b1c08b800 JavaThread "Reference Handler" daemon [_thread_blocked, id=29559, stack(0x00007f5ae543c000,0x00007f5ae553d000)]
=>0x00007f5b1c00b800 JavaThread "main" [_thread_in_vm, id=29549, stack(0x00007f5b2302c000,0x00007f5b2312c000)]

Other Threads:
  0x00007f5b1c081800 VMThread [stack: 0x00007f5ae553e000,0x00007f5ae563e000] [id=29558]
  0x00007f5b1c0d9000 WatcherThread [stack: 0x00007f5ae425a000,0x00007f5ae435a000] [id=29567]

VM state:not at safepoint (normal execution)

VM Mutex/Monitor currently owned by a thread:  ([mutex/lock_event])
[0x00007f5b1c007720] ExpandHeap_lock - owner thread: 0x00007f5b1c00b800
[0x00007f5b1c0082a0] Heap_lock - owner thread: 0x00007f5b1c00b800

Heap:
 PSYoungGen      total 36864K, used 1269K [0x00000000d6f80000, 0x00000000d9880000, 0x0000000100000000)
  eden space 31744K, 4% used [0x00000000d6f80000,0x00000000d70bd728,0x00000000d8e80000)
  from space 5120K, 0% used [0x00000000d9380000,0x00000000d9380000,0x00000000d9880000)
  to   space 5120K, 0% used [0x00000000d8e80000,0x00000000d8e80000,0x00000000d9380000)
 ParOldGen       total 84992K, used 0K [0x0000000084e00000, 0x000000008a100000, 0x00000000d6f80000)
  object space 84992K, 0% used [0x0000000084e00000,0x0000000084e00000,0x000000008a100000)
 Metaspace       used 2616K, capacity 4490K, committed 4864K, reserved 1056768K
  class space    used 282K, capacity 386K, committed 512K, reserved 1048576K

Card table byte_map: [0x00007f5b0c866000,0x00007f5b0cc40000] byte_map_base: 0x00007f5b0c43f000

Marking Bits: (ParMarkBitMap*) 0x00007f5b224cf0a0
 Begin Bits: [0x00007f5b0803d000, 0x00007f5b09f05000)
 End Bits:   [0x00007f5b09f05000, 0x00007f5b0bdcd000)

Polling page: 0x00007f5b2314c000

CodeCache: size=245760Kb used=1097Kb max_used=1097Kb free=244662Kb
 bounds [0x00007f5b0d000000, 0x00007f5b0d270000, 0x00007f5b1c000000]
 total_blobs=253 nmethods=23 adapters=145
 compilation: enabled

Compilation events (10 events):
Event: 0.074 Thread 0x00007f5b1c0c9000 nmethod 18 0x00007f5b0d10ffd0 code [0x00007f5b0d110140, 0x00007f5b0d110470]
Event: 0.074 Thread 0x00007f5b1c0c9000   19       3       sun.nio.cs.UTF_8$Encoder::encode (359 bytes)
Event: 0.075 Thread 0x00007f5b1c0c9000 nmethod 19 0x00007f5b0d110650 code [0x00007f5b0d110840, 0x00007f5b0d111358]
Event: 0.075 Thread 0x00007f5b1c0c9000   20       1       java.net.URL::getProtocol (5 bytes)
Event: 0.075 Thread 0x00007f5b1c0c9000 nmethod 20 0x00007f5b0d1119d0 code [0x00007f5b0d111b20, 0x00007f5b0d111c30]
Event: 8.884 Thread 0x00007f5b1c0c9000   21       1       java.nio.Buffer::position (5 bytes)
Event: 8.884 Thread 0x00007f5b1c0c9000 nmethod 21 0x00007f5b0d111c90 code [0x00007f5b0d111de0, 0x00007f5b0d111ef0]
Event: 8.884 Thread 0x00007f5b1c0c9000   22       1       java.nio.Buffer::limit (5 bytes)
Event: 8.884 Thread 0x00007f5b1c0c9000 nmethod 22 0x00007f5b0d111f50 code [0x00007f5b0d1120a0, 0x00007f5b0d1121b0]
Event: 8.885 Thread 0x00007f5b1c0c9000   23       3       java.nio.ByteBuffer::arrayOffset (35 bytes)

GC Heap History (0 events):
No events

Deoptimization events (0 events):
No events

Classes redefined (0 events):
No events

Internal exceptions (2 events):
Event: 0.028 Thread 0x00007f5b1c00b800 Exception <a 'java/lang/NoSuchMethodError': Method sun.misc.Unsafe.defineClass(Ljava/lang/String;[BII)Ljava/lang/Class; name or signature does not match> (0x00000000d6f87cb0) thrown at [/HUDSON/workspace/8-2-build-linux-amd64/jdk8u181/11358/hotspot/src/sh
Event: 0.028 Thread 0x00007f5b1c00b800 Exception <a 'java/lang/NoSuchMethodError': Method sun.misc.Unsafe.prefetchRead(Ljava/lang/Object;J)V name or signature does not match> (0x00000000d6f87f98) thrown at [/HUDSON/workspace/8-2-build-linux-amd64/jdk8u181/11358/hotspot/src/share/vm/prims/jni.c

Events (10 events):
Event: 0.073 loading class java/lang/Void
Event: 0.073 loading class java/lang/Void done
Event: 0.074 loading class CIADatacenter$FastReader
Event: 0.074 loading class CIADatacenter$FastReader done
Event: 0.074 loading class java/io/IOException
Event: 0.074 loading class java/io/IOException done
Event: 4.073 Executing VM operation: EnableBiasedLocking
Event: 4.073 Executing VM operation: EnableBiasedLocking done
Event: 8.881 loading class java/util/concurrent/ConcurrentHashMap$ForwardingNode
Event: 8.881 loading class java/util/concurrent/ConcurrentHashMap$ForwardingNode done


Dynamic libraries:
00400000-00401000 r-xp 00000000 08:03 1718726                            /usr/lib/jvm/java-8-oracle/bin/java
00600000-00601000 rw-p 00000000 08:03 1718726                            /usr/lib/jvm/java-8-oracle/bin/java
0118e000-011af000 rw-p 00000000 00:00 0                                  [heap]
84e00000-8a100000 rw-p 00000000 00:00 0 
d6f80000-d9880000 rw-p 00000000 00:00 0 
d9880000-100000000 ---p 00000000 00:00 0 
100000000-100080000 rw-p 00000000 00:00 0 
100080000-140000000 ---p 00000000 00:00 0 
7f5ab8000000-7f5ab8021000 rw-p 00000000 00:00 0 
7f5ab8021000-7f5abc000000 ---p 00000000 00:00 0 
7f5abfe66000-7f5ac0000000 rw-p 00000000 00:00 0 
7f5ac0000000-7f5ac0021000 rw-p 00000000 00:00 0 
7f5ac0021000-7f5ac4000000 ---p 00000000 00:00 0 
7f5ac4000000-7f5ac4021000 rw-p 00000000 00:00 0 
7f5ac4021000-7f5ac8000000 ---p 00000000 00:00 0 
7f5ac8000000-7f5ac8021000 rw-p 00000000 00:00 0 
7f5ac8021000-7f5acc000000 ---p 00000000 00:00 0 
7f5acc000000-7f5acc021000 rw-p 00000000 00:00 0 
7f5acc021000-7f5ad0000000 ---p 00000000 00:00 0 
7f5ad0000000-7f5ad0021000 rw-p 00000000 00:00 0 
7f5ad0021000-7f5ad4000000 ---p 00000000 00:00 0 
7f5ad4000000-7f5ad405e000 rw-p 00000000 00:00 0 
7f5ad405e000-7f5ad8000000 ---p 00000000 00:00 0 
7f5ad8000000-7f5ad8021000 rw-p 00000000 00:00 0 
7f5ad8021000-7f5adc000000 ---p 00000000 00:00 0 
7f5adc000000-7f5adc021000 rw-p 00000000 00:00 0 
7f5adc021000-7f5ae0000000 ---p 00000000 00:00 0 
7f5ae0000000-7f5ae0021000 rw-p 00000000 00:00 0 
7f5ae0021000-7f5ae4000000 ---p 00000000 00:00 0 
7f5ae4168000-7f5ae4259000 rw-p 00000000 00:00 0 
7f5ae4259000-7f5ae425a000 ---p 00000000 00:00 0 
7f5ae425a000-7f5ae435a000 rw-p 00000000 00:00 0 
7f5ae435a000-7f5ae435d000 ---p 00000000 00:00 0 
7f5ae435d000-7f5ae445b000 rw-p 00000000 00:00 0 
7f5ae445b000-7f5ae445c000 ---p 00000000 00:00 0 
7f5ae445c000-7f5ae445f000 ---p 00000000 00:00 0 
7f5ae445f000-7f5ae455c000 rw-p 00000000 00:00 0 
7f5ae455c000-7f5ae455d000 ---p 00000000 00:00 0 
7f5ae455d000-7f5ae4560000 ---p 00000000 00:00 0 
7f5ae4560000-7f5ae465d000 rw-p 00000000 00:00 0 
7f5ae465d000-7f5ae465e000 ---p 00000000 00:00 0 
7f5ae465e000-7f5ae4661000 ---p 00000000 00:00 0 
7f5ae4661000-7f5ae475e000 rw-p 00000000 00:00 0 
7f5ae475e000-7f5ae475f000 ---p 00000000 00:00 0 
7f5ae475f000-7f5ae4762000 ---p 00000000 00:00 0 
7f5ae4762000-7f5ae485f000 rw-p 00000000 00:00 0 
7f5ae485f000-7f5ae4862000 ---p 00000000 00:00 0 
7f5ae4862000-7f5ae4960000 rw-p 00000000 00:00 0 
7f5ae4960000-7f5ae533b000 r--p 00000000 08:03 1575295                    /usr/lib/locale/locale-archive
7f5ae533b000-7f5ae533e000 ---p 00000000 00:00 0 
7f5ae533e000-7f5ae543c000 rw-p 00000000 00:00 0 
7f5ae543c000-7f5ae543f000 ---p 00000000 00:00 0 
7f5ae543f000-7f5ae553d000 rw-p 00000000 00:00 0 
7f5ae553d000-7f5ae553e000 ---p 00000000 00:00 0 
7f5ae553e000-7f5ae724d000 rw-p 00000000 00:00 0 
7f5ae724d000-7f5ae7427000 r--s 03d6b000 08:03 1720210                    /usr/lib/jvm/java-8-oracle/jre/lib/rt.jar
7f5ae7427000-7f5ae7867000 rw-p 00000000 00:00 0 
7f5ae7867000-7f5ae7c27000 ---p 00000000 00:00 0 
7f5ae7c27000-7f5ae8000000 rw-p 00000000 00:00 0 
7f5ae8000000-7f5ae8021000 rw-p 00000000 00:00 0 
7f5ae8021000-7f5aec000000 ---p 00000000 00:00 0 
7f5aec000000-7f5aec021000 rw-p 00000000 00:00 0 
7f5aec021000-7f5af0000000 ---p 00000000 00:00 0 
7f5af0000000-7f5af0021000 rw-p 00000000 00:00 0 
7f5af0021000-7f5af4000000 ---p 00000000 00:00 0 
7f5af4000000-7f5af4021000 rw-p 00000000 00:00 0 
7f5af4021000-7f5af8000000 ---p 00000000 00:00 0 
7f5af8000000-7f5af8021000 rw-p 00000000 00:00 0 
7f5af8021000-7f5afc000000 ---p 00000000 00:00 0 
7f5afc000000-7f5afc021000 rw-p 00000000 00:00 0 
7f5afc021000-7f5b00000000 ---p 00000000 00:00 0 
7f5b00000000-7f5b00021000 rw-p 00000000 00:00 0 
7f5b00021000-7f5b04000000 ---p 00000000 00:00 0 
7f5b04000000-7f5b04021000 rw-p 00000000 00:00 0 
7f5b04021000-7f5b08000000 ---p 00000000 00:00 0 
7f5b0801c000-7f5b0bdcd000 rw-p 00000000 00:00 0 
7f5b0bdcd000-7f5b0bdce000 ---p 00000000 00:00 0 
7f5b0bdce000-7f5b0bece000 rw-p 00000000 00:00 0 
7f5b0bece000-7f5b0becf000 ---p 00000000 00:00 0 
7f5b0becf000-7f5b0bfcf000 rw-p 00000000 00:00 0 
7f5b0bfcf000-7f5b0bfd0000 ---p 00000000 00:00 0 
7f5b0bfd0000-7f5b0c0d0000 rw-p 00000000 00:00 0 
7f5b0c0d0000-7f5b0c0d1000 ---p 00000000 00:00 0 
7f5b0c0d1000-7f5b0c1d1000 rw-p 00000000 00:00 0 
7f5b0c1d1000-7f5b0c1d2000 ---p 00000000 00:00 0 
7f5b0c1d2000-7f5b0c2d2000 rw-p 00000000 00:00 0 
7f5b0c2d2000-7f5b0c2d3000 ---p 00000000 00:00 0 
7f5b0c2d3000-7f5b0c3d3000 rw-p 00000000 00:00 0 
7f5b0c3d3000-7f5b0c3d4000 ---p 00000000 00:00 0 
7f5b0c3d4000-7f5b0c4d4000 rw-p 00000000 00:00 0 
7f5b0c4d4000-7f5b0c4d5000 ---p 00000000 00:00 0 
7f5b0c4d5000-7f5b0c5ff000 rw-p 00000000 00:00 0 
7f5b0c5ff000-7f5b0c866000 ---p 00000000 00:00 0 
7f5b0c866000-7f5b0c890000 rw-p 00000000 00:00 0 
7f5b0c890000-7f5b0caf6000 ---p 00000000 00:00 0 
7f5b0caf6000-7f5b0cb0c000 rw-p 00000000 00:00 0 
7f5b0cb0c000-7f5b0cc3f000 ---p 00000000 00:00 0 
7f5b0cc3f000-7f5b0cc4a000 rw-p 00000000 00:00 0 
7f5b0cc4a000-7f5b0d000000 ---p 00000000 00:00 0 
7f5b0d000000-7f5b0d270000 rwxp 00000000 00:00 0 
7f5b0d270000-7f5b1c000000 ---p 00000000 00:00 0 
7f5b1c000000-7f5b1c112000 rw-p 00000000 00:00 0 
7f5b1c112000-7f5b20000000 ---p 00000000 00:00 0 
7f5b20004000-7f5b200bc000 rw-p 00000000 00:00 0 
7f5b200bc000-7f5b200d7000 r-xp 00000000 08:03 1845930                    /usr/lib/jvm/java-8-oracle/jre/lib/amd64/libzip.so
7f5b200d7000-7f5b202d7000 ---p 0001b000 08:03 1845930                    /usr/lib/jvm/java-8-oracle/jre/lib/amd64/libzip.so
7f5b202d7000-7f5b202d8000 rw-p 0001b000 08:03 1845930                    /usr/lib/jvm/java-8-oracle/jre/lib/amd64/libzip.so
7f5b202d8000-7f5b202e3000 r-xp 00000000 08:03 1314019                    /lib/x86_64-linux-gnu/libnss_files-2.27.so
7f5b202e3000-7f5b204e2000 ---p 0000b000 08:03 1314019                    /lib/x86_64-linux-gnu/libnss_files-2.27.so
7f5b204e2000-7f5b204e3000 r--p 0000a000 08:03 1314019                    /lib/x86_64-linux-gnu/libnss_files-2.27.so
7f5b204e3000-7f5b204e4000 rw-p 0000b000 08:03 1314019                    /lib/x86_64-linux-gnu/libnss_files-2.27.so
7f5b204e4000-7f5b204ea000 rw-p 00000000 00:00 0 
7f5b204ea000-7f5b20501000 r-xp 00000000 08:03 1314013                    /lib/x86_64-linux-gnu/libnsl-2.27.so
7f5b20501000-7f5b20700000 ---p 00017000 08:03 1314013                    /lib/x86_64-linux-gnu/libnsl-2.27.so
7f5b20700000-7f5b20701000 r--p 00016000 08:03 1314013                    /lib/x86_64-linux-gnu/libnsl-2.27.so
7f5b20701000-7f5b20702000 rw-p 00017000 08:03 1314013                    /lib/x86_64-linux-gnu/libnsl-2.27.so
7f5b20702000-7f5b20704000 rw-p 00000000 00:00 0 
7f5b20704000-7f5b2070f000 r-xp 00000000 08:03 1314030                    /lib/x86_64-linux-gnu/libnss_nis-2.27.so
7f5b2070f000-7f5b2090e000 ---p 0000b000 08:03 1314030                    /lib/x86_64-linux-gnu/libnss_nis-2.27.so
7f5b2090e000-7f5b2090f000 r--p 0000a000 08:03 1314030                    /lib/x86_64-linux-gnu/libnss_nis-2.27.so
7f5b2090f000-7f5b20910000 rw-p 0000b000 08:03 1314030                    /lib/x86_64-linux-gnu/libnss_nis-2.27.so
7f5b20910000-7f5b20918000 r-xp 00000000 08:03 1314015                    /lib/x86_64-linux-gnu/libnss_compat-2.27.so
7f5b20918000-7f5b20b18000 ---p 00008000 08:03 1314015                    /lib/x86_64-linux-gnu/libnss_compat-2.27.so
7f5b20b18000-7f5b20b19000 r--p 00008000 08:03 1314015                    /lib/x86_64-linux-gnu/libnss_compat-2.27.so
7f5b20b19000-7f5b20b1a000 rw-p 00009000 08:03 1314015                    /lib/x86_64-linux-gnu/libnss_compat-2.27.so
7f5b20b1a000-7f5b20b45000 r-xp 00000000 08:03 1845924                    /usr/lib/jvm/java-8-oracle/jre/lib/amd64/libjava.so
7f5b20b45000-7f5b20d44000 ---p 0002b000 08:03 1845924                    /usr/lib/jvm/java-8-oracle/jre/lib/amd64/libjava.so
7f5b20d44000-7f5b20d46000 rw-p 0002a000 08:03 1845924                    /usr/lib/jvm/java-8-oracle/jre/lib/amd64/libjava.so
7f5b20d46000-7f5b20d53000 r-xp 00000000 08:03 1845929                    /usr/lib/jvm/java-8-oracle/jre/lib/amd64/libverify.so
7f5b20d53000-7f5b20f53000 ---p 0000d000 08:03 1845929                    /usr/lib/jvm/java-8-oracle/jre/lib/amd64/libverify.so
7f5b20f53000-7f5b20f55000 rw-p 0000d000 08:03 1845929                    /usr/lib/jvm/java-8-oracle/jre/lib/amd64/libverify.so
7f5b20f55000-7f5b20f5c000 r-xp 00000000 08:03 1314070                    /lib/x86_64-linux-gnu/librt-2.27.so
7f5b20f5c000-7f5b2115b000 ---p 00007000 08:03 1314070                    /lib/x86_64-linux-gnu/librt-2.27.so
7f5b2115b000-7f5b2115c000 r--p 00006000 08:03 1314070                    /lib/x86_64-linux-gnu/librt-2.27.so
7f5b2115c000-7f5b2115d000 rw-p 00007000 08:03 1314070                    /lib/x86_64-linux-gnu/librt-2.27.so
7f5b2115d000-7f5b212fa000 r-xp 00000000 08:03 1313992                    /lib/x86_64-linux-gnu/libm-2.27.so
7f5b212fa000-7f5b214f9000 ---p 0019d000 08:03 1313992                    /lib/x86_64-linux-gnu/libm-2.27.so
7f5b214f9000-7f5b214fa000 r--p 0019c000 08:03 1313992                    /lib/x86_64-linux-gnu/libm-2.27.so
7f5b214fa000-7f5b214fb000 rw-p 0019d000 08:03 1313992                    /lib/x86_64-linux-gnu/libm-2.27.so
7f5b214fb000-7f5b221d7000 r-xp 00000000 08:03 1845906                    /usr/lib/jvm/java-8-oracle/jre/lib/amd64/server/libjvm.so
7f5b221d7000-7f5b223d7000 ---p 00cdc000 08:03 1845906                    /usr/lib/jvm/java-8-oracle/jre/lib/amd64/server/libjvm.so
7f5b223d7000-7f5b224b1000 rw-p 00cdc000 08:03 1845906                    /usr/lib/jvm/java-8-oracle/jre/lib/amd64/server/libjvm.so
7f5b224b1000-7f5b224fc000 rw-p 00000000 00:00 0 
7f5b224fc000-7f5b226e3000 r-xp 00000000 08:03 1313929                    /lib/x86_64-linux-gnu/libc-2.27.so
7f5b226e3000-7f5b228e3000 ---p 001e7000 08:03 1313929                    /lib/x86_64-linux-gnu/libc-2.27.so
7f5b228e3000-7f5b228e7000 r--p 001e7000 08:03 1313929                    /lib/x86_64-linux-gnu/libc-2.27.so
7f5b228e7000-7f5b228e9000 rw-p 001eb000 08:03 1313929                    /lib/x86_64-linux-gnu/libc-2.27.so
7f5b228e9000-7f5b228ed000 rw-p 00000000 00:00 0 
7f5b228ed000-7f5b228f0000 r-xp 00000000 08:03 1313952                    /lib/x86_64-linux-gnu/libdl-2.27.so
7f5b228f0000-7f5b22aef000 ---p 00003000 08:03 1313952                    /lib/x86_64-linux-gnu/libdl-2.27.so
7f5b22aef000-7f5b22af0000 r--p 00002000 08:03 1313952                    /lib/x86_64-linux-gnu/libdl-2.27.so
7f5b22af0000-7f5b22af1000 rw-p 00003000 08:03 1313952                    /lib/x86_64-linux-gnu/libdl-2.27.so
7f5b22af1000-7f5b22b07000 r-xp 00000000 08:03 1719402                    /usr/lib/jvm/java-8-oracle/lib/amd64/jli/libjli.so
7f5b22b07000-7f5b22d06000 ---p 00016000 08:03 1719402                    /usr/lib/jvm/java-8-oracle/lib/amd64/jli/libjli.so
7f5b22d06000-7f5b22d07000 rw-p 00015000 08:03 1719402                    /usr/lib/jvm/java-8-oracle/lib/amd64/jli/libjli.so
7f5b22d07000-7f5b22d21000 r-xp 00000000 08:03 1314062                    /lib/x86_64-linux-gnu/libpthread-2.27.so
7f5b22d21000-7f5b22f20000 ---p 0001a000 08:03 1314062                    /lib/x86_64-linux-gnu/libpthread-2.27.so
7f5b22f20000-7f5b22f21000 r--p 00019000 08:03 1314062                    /lib/x86_64-linux-gnu/libpthread-2.27.so
7f5b22f21000-7f5b22f22000 rw-p 0001a000 08:03 1314062                    /lib/x86_64-linux-gnu/libpthread-2.27.so
7f5b22f22000-7f5b22f26000 rw-p 00000000 00:00 0 
7f5b22f26000-7f5b22f4d000 r-xp 00000000 08:03 1313901                    /lib/x86_64-linux-gnu/ld-2.27.so
7f5b22f4e000-7f5b22f53000 r--s 00084000 08:03 1720147                    /usr/lib/jvm/java-8-oracle/jre/lib/jfr.jar
7f5b22f53000-7f5b22f58000 r--s 002f9000 08:03 1720208                    /usr/lib/jvm/java-8-oracle/jre/lib/charsets.jar
7f5b22f58000-7f5b22f5b000 r--s 0001a000 08:03 1720226                    /usr/lib/jvm/java-8-oracle/jre/lib/jce.jar
7f5b22f5b000-7f5b22f60000 r--s 0009d000 08:03 1720220                    /usr/lib/jvm/java-8-oracle/jre/lib/jsse.jar
7f5b22f60000-7f5b2302b000 rw-p 00000000 00:00 0 
7f5b2302b000-7f5b2302c000 ---p 00000000 00:00 0 
7f5b2302c000-7f5b2302f000 ---p 00000000 00:00 0 
7f5b2302f000-7f5b23130000 rw-p 00000000 00:00 0 
7f5b23130000-7f5b23143000 r--s 00345000 08:03 1720219                    /usr/lib/jvm/java-8-oracle/jre/lib/resources.jar
7f5b23143000-7f5b2314b000 rw-s 00000000 08:03 523267                     /tmp/hsperfdata_fronky/29543
7f5b2314b000-7f5b2314c000 rw-p 00000000 00:00 0 
7f5b2314c000-7f5b2314d000 r--p 00000000 00:00 0 
7f5b2314d000-7f5b2314e000 r--p 00027000 08:03 1313901                    /lib/x86_64-linux-gnu/ld-2.27.so
7f5b2314e000-7f5b2314f000 rw-p 00028000 08:03 1313901                    /lib/x86_64-linux-gnu/ld-2.27.so
7f5b2314f000-7f5b23150000 rw-p 00000000 00:00 0 
7ffe02e61000-7ffe02e82000 rw-p 00000000 00:00 0                          [stack]
7ffe02ec2000-7ffe02ec5000 r--p 00000000 00:00 0                          [vvar]
7ffe02ec5000-7ffe02ec7000 r-xp 00000000 00:00 0                          [vdso]
ffffffffff600000-ffffffffff601000 r-xp 00000000 00:00 0                  [vsyscall]

VM Arguments:
jvm_args: -Dfile.encoding=UTF-8 
java_command: CIADatacenter
java_class_path (initial): /usr/lib/jvm/java-8-oracle/jre/lib/resources.jar:/usr/lib/jvm/java-8-oracle/jre/lib/rt.jar:/usr/lib/jvm/java-8-oracle/jre/lib/jsse.jar:/usr/lib/jvm/java-8-oracle/jre/lib/jce.jar:/usr/lib/jvm/java-8-oracle/jre/lib/charsets.jar:/usr/lib/jvm/java-8-oracle/jre/lib/jfr.jar:/usr/lib/jvm/java-8-oracle/jre/lib/ext/jfxrt.jar:/usr/lib/jvm/java-8-oracle/jre/lib/ext/nashorn.jar:/usr/lib/jvm/java-8-oracle/jre/lib/ext/cldrdata.jar:/usr/lib/jvm/java-8-oracle/jre/lib/ext/localedata.jar:/usr/lib/jvm/java-8-oracle/jre/lib/ext/sunec.jar:/usr/lib/jvm/java-8-oracle/jre/lib/ext/sunjce_provider.jar:/usr/lib/jvm/java-8-oracle/jre/lib/ext/zipfs.jar:/usr/lib/jvm/java-8-oracle/jre/lib/ext/dnsns.jar:/usr/lib/jvm/java-8-oracle/jre/lib/ext/jaccess.jar:/usr/lib/jvm/java-8-oracle/jre/lib/ext/sunpkcs11.jar:/home/fronky/eclipse-workspace/Week2/bin
Launcher Type: SUN_STANDARD

Environment Variables:
JAVA_HOME=/usr/lib/jvm/java-8-oracle
PATH=/usr/local/sbin:/usr/local/bin:/usr/sbin:/usr/bin:/sbin:/bin:/usr/games:/usr/local/games:/snap/bin:/usr/lib/jvm/java-8-oracle/bin:/usr/lib/jvm/java-8-oracle/db/bin:/usr/lib/jvm/java-8-oracle/jre/bin
USERNAME=fronky
SHELL=/usr/bin/zsh
DISPLAY=:0

Signal Handlers:
SIGSEGV: [libjvm.so+0xad2a40], sa_mask[0]=11111111011111111101111111111110, sa_flags=SA_RESTART|SA_SIGINFO
SIGBUS: [libjvm.so+0xad2a40], sa_mask[0]=11111111011111111101111111111110, sa_flags=SA_RESTART|SA_SIGINFO
SIGFPE: [libjvm.so+0x92a610], sa_mask[0]=11111111011111111101111111111110, sa_flags=SA_RESTART|SA_SIGINFO
SIGPIPE: [libjvm.so+0x92a610], sa_mask[0]=11111111011111111101111111111110, sa_flags=SA_RESTART|SA_SIGINFO
SIGXFSZ: [libjvm.so+0x92a610], sa_mask[0]=11111111011111111101111111111110, sa_flags=SA_RESTART|SA_SIGINFO
SIGILL: [libjvm.so+0x92a610], sa_mask[0]=11111111011111111101111111111110, sa_flags=SA_RESTART|SA_SIGINFO
SIGUSR1: SIG_DFL, sa_mask[0]=00000000000000000000000000000000, sa_flags=none
SIGUSR2: [libjvm.so+0x92be70], sa_mask[0]=00100000000000000000000000000000, sa_flags=SA_RESTART|SA_SIGINFO
SIGHUP: [libjvm.so+0x92d270], sa_mask[0]=11111111011111111101111111111110, sa_flags=SA_RESTART|SA_SIGINFO
SIGINT: [libjvm.so+0x92d270], sa_mask[0]=11111111011111111101111111111110, sa_flags=SA_RESTART|SA_SIGINFO
SIGTERM: [libjvm.so+0x92d270], sa_mask[0]=11111111011111111101111111111110, sa_flags=SA_RESTART|SA_SIGINFO
SIGQUIT: [libjvm.so+0x92d270], sa_mask[0]=11111111011111111101111111111110, sa_flags=SA_RESTART|SA_SIGINFO


---------------  S Y S T E M  ---------------

OS:DISTRIB_ID=Ubuntu
DISTRIB_RELEASE=18.04
DISTRIB_CODENAME=bionic
DISTRIB_DESCRIPTION="Ubuntu 18.04.1 LTS"

uname:Linux 4.15.0-32-generic #35-Ubuntu SMP Fri Aug 10 17:58:07 UTC 2018 x86_64
libc:glibc 2.27 NPTL 2.27 
rlimit: STACK 8192k, CORE 0k, NPROC 30895, NOFILE 4096, AS infinity
load average:1.10 0.95 0.73

/proc/meminfo:
MemTotal:        8063408 kB
MemFree:          250712 kB
MemAvailable:     259904 kB
Buffers:            4596 kB
Cached:          1285104 kB
SwapCached:        11652 kB
Active:          6502956 kB
Inactive:         908516 kB
Active(anon):    6367620 kB
Inactive(anon):   838316 kB
Active(file):     135336 kB
Inactive(file):    70200 kB
Unevictable:         224 kB
Mlocked:             224 kB
SwapTotal:       1852220 kB
SwapFree:              0 kB
Dirty:               732 kB
Writeback:             0 kB
AnonPages:       6110664 kB
Mapped:           448980 kB
Shmem:           1084164 kB
Slab:             154504 kB
SReclaimable:      58748 kB
SUnreclaim:        95756 kB
KernelStack:       23296 kB
PageTables:       103048 kB
NFS_Unstable:          0 kB
Bounce:                0 kB
WritebackTmp:          0 kB
CommitLimit:     5883924 kB
Committed_AS:   19437884 kB
VmallocTotal:   34359738367 kB
VmallocUsed:           0 kB
VmallocChunk:          0 kB
HardwareCorrupted:     0 kB
AnonHugePages:         0 kB
ShmemHugePages:        0 kB
ShmemPmdMapped:        0 kB
CmaTotal:              0 kB
CmaFree:               0 kB
HugePages_Total:       0
HugePages_Free:        0
HugePages_Rsvd:        0
HugePages_Surp:        0
Hugepagesize:       2048 kB
DirectMap4k:      498584 kB
DirectMap2M:     7786496 kB
DirectMap1G:     1048576 kB


CPU:total 8 (initial active 8) (4 cores per cpu, 2 threads per core) family 6 model 94 stepping 3, cmov, cx8, fxsr, mmx, sse, sse2, sse3, ssse3, sse4.1, sse4.2, popcnt, avx, avx2, aes, clmul, erms, rtm, 3dnowpref, lzcnt, ht, tsc, tscinvbit, bmi1, bmi2, adx

/proc/cpuinfo:
processor	: 0
vendor_id	: GenuineIntel
cpu family	: 6
model		: 94
model name	: Intel(R) Core(TM) i7-6700HQ CPU @ 2.60GHz
stepping	: 3
microcode	: 0xc2
cpu MHz		: 2179.638
cache size	: 6144 KB
physical id	: 0
siblings	: 8
core id		: 0
cpu cores	: 4
apicid		: 0
initial apicid	: 0
fpu		: yes
fpu_exception	: yes
cpuid level	: 22
wp		: yes
flags		: fpu vme de pse tsc msr pae mce cx8 apic sep mtrr pge mca cmov pat pse36 clflush dts acpi mmx fxsr sse sse2 ss ht tm pbe syscall nx pdpe1gb rdtscp lm constant_tsc art arch_perfmon pebs bts rep_good nopl xtopology nonstop_tsc cpuid aperfmperf tsc_known_freq pni pclmulqdq dtes64 monitor ds_cpl vmx est tm2 ssse3 sdbg fma cx16 xtpr pdcm pcid sse4_1 sse4_2 x2apic movbe popcnt tsc_deadline_timer aes xsave avx f16c rdrand lahf_lm abm 3dnowprefetch cpuid_fault epb invpcid_single pti ibrs ibpb stibp tpr_shadow vnmi flexpriority ept vpid fsgsbase tsc_adjust bmi1 hle avx2 smep bmi2 erms invpcid rtm mpx rdseed adx smap clflushopt intel_pt xsaveopt xsavec xgetbv1 xsaves dtherm ida arat pln pts hwp hwp_notify hwp_act_window hwp_epp
bugs		: cpu_meltdown spectre_v1 spectre_v2 spec_store_bypass l1tf
bogomips	: 5184.00
clflush size	: 64
cache_alignment	: 64
address sizes	: 39 bits physical, 48 bits virtual
power management:

processor	: 1
vendor_id	: GenuineIntel
cpu family	: 6
model		: 94
model name	: Intel(R) Core(TM) i7-6700HQ CPU @ 2.60GHz
stepping	: 3
microcode	: 0xc2
cpu MHz		: 2292.795
cache size	: 6144 KB
physical id	: 0
siblings	: 8
core id		: 1
cpu cores	: 36
apicid		: 2
initial apicid	: 2
fpu		: yes
fpu_exception	: yes
cpuid level	: 22
wp		: yes
flags		: fpu vme de pse tsc msr pae mce cx8 apic sep mtrr pge mca cmov pat pse36 clflush dts acpi mmx fxsr sse sse2 ss ht tm pbe syscall nx pdpe1gb rdtscp lm constant_tsc art arch_perfmon pebs bts rep_good nopl xtopology nonstop_tsc cpuid aperfmperf tsc_known_freq pni pclmulqdq dtes64 monitor ds_cpl vmx est tm2 ssse3 sdbg fma cx16 xtpr pdcm pcid sse4_1 sse4_2 x2apic movbe popcnt tsc_deadline_timer aes xsave avx f16c rdrand lahf_lm abm 3dnowprefetch cpuid_fault epb invpcid_single pti ibrs ibpb stibp tpr_shadow vnmi flexpriority ept vpid fsgsbase tsc_adjust bmi1 hle avx2 smep bmi2 erms invpcid rtm mpx rdseed adx smap clflushopt intel_pt xsaveopt xsavec xgetbv1 xsaves dtherm ida arat pln pts hwp hwp_notify hwp_act_window hwp_epp
bugs		: cpu_meltdown spectre_v1 spectre_v2 spec_store_bypass l1tf
bogomips	: 5184.00
clflush size	: 64
cache_alignment	: 64
address sizes	: 39 bits physical, 48 bits virtual
power management:

processor	: 2
vendor_id	: GenuineIntel
cpu family	: 6
model		: 94
model name	: Intel(R) Core(TM) i7-6700HQ CPU @ 2.60GHz
stepping	: 3
microcode	: 0xc2
cpu MHz		: 2183.771
cache size	: 6144 KB
physical id	: 0
siblings	: 8
core id		: 2
cpu cores	: 36
apicid		: 4
initial apicid	: 4
fpu		: yes
fpu_exception	: yes
cpuid level	: 22
wp		: yes
flags		: fpu vme de pse tsc msr pae mce cx8 apic sep mtrr pge mca cmov pat pse36 clflush dts acpi mmx fxsr sse sse2 ss ht tm pbe syscall nx pdpe1gb rdtscp lm constant_tsc art arch_perfmon pebs bts rep_good nopl xtopology nonstop_tsc cpuid aperfmperf tsc_known_freq pni pclmulqdq dtes64 monitor ds_cpl vmx est tm2 ssse3 sdbg fma cx16 xtpr pdcm pcid sse4_1 sse4_2 x2apic movbe popcnt tsc_deadline_timer aes xsave avx f16c rdrand lahf_lm abm 3dnowprefetch cpuid_fault epb invpcid_single pti ibrs ibpb stibp tpr_shadow vnmi flexpriority ept vpid fsgsbase tsc_adjust bmi1 hle avx2 smep bmi2 erms invpcid rtm mpx rdseed adx smap clflushopt intel_pt xsaveopt xsavec xgetbv1 xsaves dtherm ida arat pln pts hwp hwp_notify hwp_act_window hwp_epp
bugs		: cpu_meltdown spectre_v1 spectre_v2 spec_store_bypass l1tf
bogomips	: 5184.00
clflush size	: 64
cache_alignment	: 64
address sizes	: 39 bits physical, 48 bits virtual
power management:

processor	: 3
vendor_id	: GenuineIntel
cpu family	: 6
model		: 94
model name	: Intel(R) Core(TM) i7-6700HQ CPU @ 2.60GHz
stepping	: 3
microcode	: 0xc2
cpu MHz		: 2206.583
cache size	: 6144 KB
physical id	: 0
siblings	: 8
core id		: 3
cpu cores	: 36
apicid		: 6
initial apicid	: 6
fpu		: yes
fpu_exception	: yes
cpuid level	: 22
wp		: yes
flags		: fpu vme de pse tsc msr pae mce cx8 apic sep mtrr pge mca cmov pat pse36 clflush dts acpi mmx fxsr sse sse2 ss ht tm pbe syscall nx pdpe1gb rdtscp lm constant_tsc art arch_perfmon pebs bts rep_good nopl xtopology nonstop_tsc cpuid aperfmperf tsc_known_freq pni pclmulqdq dtes64 monitor ds_cpl vmx est tm2 ssse3 sdbg fma cx16 xtpr pdcm pcid sse4_1 sse4_2 x2apic movbe popcnt tsc_deadline_timer aes xsave avx f16c rdrand lahf_lm abm 3dnowprefetch cpuid_fault epb invpcid_single pti ibrs ibpb stibp tpr_shadow vnmi flexpriority ept vpid fsgsbase tsc_adjust bmi1 hle avx2 smep bmi2 erms invpcid rtm mpx rdseed adx smap clflushopt intel_pt xsaveopt xsavec xgetbv1 xsaves dtherm ida arat pln pts hwp hwp_notify hwp_act_window hwp_epp
bugs		: cpu_meltdown spectre_v1 spectre_v2 spec_store_bypass l1tf
bogomips	: 5184.00
clflush size	: 64
cache_alignment	: 64
address sizes	: 39 bits physical, 48 bits virtual
power management:

processor	: 4
vendor_id	: GenuineIntel
cpu family	: 6
model		: 94
model name	: Intel(R) Core(TM) i7-6700HQ CPU @ 2.60GHz
stepping	: 3
microcode	: 0xc2
cpu MHz		: 2044.385
cache size	: 6144 KB
physical id	: 0
siblings	: 8
core id		: 0
cpu cores	: 4
apicid		: 1
initial apicid	: 1
fpu		: yes
fpu_exception	: yes
cpuid level	: 22
wp		: yes
flags		: fpu vme de pse tsc msr pae mce cx8 apic sep mtrr pge mca cmov pat pse36 clflush dts acpi mmx fxsr sse sse2 ss ht tm pbe syscall nx pdpe1gb rdtscp lm constant_tsc art arch_perfmon pebs bts rep_good nopl xtopology nonstop_tsc cpuid aperfmperf tsc_known_freq pni pclmulqdq dtes64 monitor ds_cpl vmx est tm2 ssse3 sdbg fma cx16 xtpr pdcm pcid sse4_1 sse4_2 x2apic movbe popcnt tsc_deadline_timer aes xsave avx f16c rdrand lahf_lm abm 3dnowprefetch cpuid_fault epb invpcid_single pti ibrs ibpb stibp tpr_shadow vnmi flexpriority ept vpid fsgsbase tsc_adjust bmi1 hle avx2 smep bmi2 erms invpcid rtm mpx rdseed adx smap clflushopt intel_pt xsaveopt xsavec xgetbv1 xsaves dtherm ida arat pln pts hwp hwp_notify hwp_act_window hwp_epp
bugs		: cpu_meltdown spectre_v1 spectre_v2 spec_store_bypass l1tf
bogomips	: 5184.00
clflush size	: 64
cache_alignment	: 64
address sizes	: 39 bits physical, 48 bits virtual
power management:

processor	: 5
vendor_id	: GenuineIntel
cpu family	: 6
model		: 94
model name	: Intel(R) Core(TM) i7-6700HQ CPU @ 2.60GHz
stepping	: 3
microcode	: 0xc2
cpu MHz		: 2166.761
cache size	: 6144 KB
physical id	: 0
siblings	: 8
core id		: 1
cpu cores	: 4
apicid		: 3
initial apicid	: 3
fpu		: yes
fpu_exception	: yes
cpuid level	: 22
wp		: yes
flags		: fpu vme de pse tsc msr pae mce cx8 apic sep mtrr pge mca cmov pat pse36 clflush dts acpi mmx fxsr sse sse2 ss ht tm pbe syscall nx pdpe1gb rdtscp lm constant_tsc art arch_perfmon pebs bts rep_good nopl xtopology nonstop_tsc cpuid aperfmperf tsc_known_freq pni pclmulqdq dtes64 monitor ds_cpl vmx est tm2 ssse3 sdbg fma cx16 xtpr pdcm pcid sse4_1 sse4_2 x2apic movbe popcnt tsc_deadline_timer aes xsave avx f16c rdrand lahf_lm abm 3dnowprefetch cpuid_fault epb invpcid_single pti ibrs ibpb stibp tpr_shadow vnmi flexpriority ept vpid fsgsbase tsc_adjust bmi1 hle avx2 smep bmi2 erms invpcid rtm mpx rdseed adx smap clflushopt intel_pt xsaveopt xsavec xgetbv1 xsaves dtherm ida arat pln pts hwp hwp_notify hwp_act_window hwp_epp
bugs		: cpu_meltdown spectre_v1 spectre_v2 spec_store_bypass l1tf
bogomips	: 5184.00
clflush size	: 64
cache_alignment	: 64
address sizes	: 39 bits physical, 48 bits virtual
power management:

processor	: 6
vendor_id	: GenuineIntel
cpu family	: 6
model		: 94
model name	: Intel(R) Core(TM) i7-6700HQ CPU @ 2.60GHz
stepping	: 3
microcode	: 0xc2
cpu MHz		: 2279.062
cache size	: 6144 KB
physical id	: 0
siblings	: 8
core id		: 2
cpu cores	: 4
apicid		: 5
initial apicid	: 5
fpu		: yes
fpu_exception	: yes
cpuid level	: 22
wp		: yes
flags		: fpu vme de pse tsc msr pae mce cx8 apic sep mtrr pge mca cmov pat pse36 clflush dts acpi mmx fxsr sse sse2 ss ht tm pbe syscall nx pdpe1gb rdtscp lm constant_tsc art arch_perfmon pebs bts rep_good nopl xtopology nonstop_tsc cpuid aperfmperf tsc_known_freq pni pclmulqdq dtes64 monitor ds_cpl vmx est tm2 ssse3 sdbg fma cx16 xtpr pdcm pcid sse4_1 sse4_2 x2apic movbe popcnt tsc_deadline_timer aes xsave avx f16c rdrand lahf_lm abm 3dnowprefetch cpuid_fault epb invpcid_single pti ibrs ibpb stibp tpr_shadow vnmi flexpriority ept vpid fsgsbase tsc_adjust bmi1 hle avx2 smep bmi2 erms invpcid rtm mpx rdseed adx smap clflushopt intel_pt xsaveopt xsavec xgetbv1 xsaves dtherm ida arat pln pts hwp hwp_notify hwp_act_window hwp_epp
bugs		: cpu_meltdown spectre_v1 spectre_v2 spec_store_bypass l1tf
bogomips	: 5184.00
clflush size	: 64
cache_alignment	: 64
address sizes	: 39 bits physical, 48 bits virtual
power management:

processor	: 7
vendor_id	: GenuineIntel
cpu family	: 6
model		: 94
model name	: Intel(R) Core(TM) i7-6700HQ CPU @ 2.60GHz
stepping	: 3
microcode	: 0xc2
cpu MHz		: 2301.477
cache size	: 6144 KB
physical id	: 0
siblings	: 8
core id		: 3
cpu cores	: 65516
apicid		: 7
initial apicid	: 7
fpu		: yes
fpu_exception	: yes
cpuid level	: 22
wp		: yes
flags		: fpu vme de pse tsc msr pae mce cx8 apic sep mtrr pge mca cmov pat pse36 clflush dts acpi mmx fxsr sse sse2 ss ht tm pbe syscall nx pdpe1gb rdtscp lm constant_tsc art arch_perfmon pebs bts rep_good nopl xtopology nonstop_tsc cpuid aperfmperf tsc_known_freq pni pclmulqdq dtes64 monitor ds_cpl vmx est tm2 ssse3 sdbg fma cx16 xtpr pdcm pcid sse4_1 sse4_2 x2apic movbe popcnt tsc_deadline_timer aes xsave avx f16c rdrand lahf_lm abm 3dnowprefetch cpuid_fault epb invpcid_single pti ibrs ibpb stibp tpr_shadow vnmi flexpriority ept vpid fsgsbase tsc_adjust bmi1 hle avx2 smep bmi2 erms invpcid rtm mpx rdseed adx smap clflushopt intel_pt xsaveopt xsavec xgetbv1 xsaves dtherm ida arat pln pts hwp hwp_notify hwp_act_window hwp_epp
bugs		: cpu_meltdown spectre_v1 spectre_v2 spec_store_bypass l1tf
bogomips	: 5184.00
clflush size	: 64
cache_alignment	: 64
address sizes	: 39 bits physical, 48 bits virtual
power management:



Memory: 4k page, physical 8063408k(250712k free), swap 1852220k(0k free)

vm_info: Java HotSpot(TM) 64-Bit Server VM (25.181-b13) for linux-amd64 JRE (1.8.0_181-b13), built on Jul  7 2018 00:56:38 by "java_re" with gcc 4.3.0 20080428 (Red Hat 4.3.0-8)

time: Thu Aug 23 08:22:50 2018
elapsed time: 8 seconds (0d 0h 0m 8s)

